[parsing started SimpleFileObject[C:\Users\Soets\GitHub\LeanerSDTS\src\main\java\leanersdts\AdjustOptionsButtonFontSize.java]]
[parsing completed 20ms]
[parsing started SimpleFileObject[C:\Users\Soets\GitHub\LeanerSDTS\src\main\java\leanersdts\AlertMaker.java]]
[parsing completed 7ms]
[parsing started SimpleFileObject[C:\Users\Soets\GitHub\LeanerSDTS\src\main\java\leanersdts\ControlledScreen.java]]
[parsing completed 0ms]
[parsing started SimpleFileObject[C:\Users\Soets\GitHub\LeanerSDTS\src\main\java\leanersdts\ControlQuestion.java]]
[parsing completed 4ms]
[parsing started SimpleFileObject[C:\Users\Soets\GitHub\LeanerSDTS\src\main\java\leanersdts\DashboardScreen.java]]
[parsing completed 7ms]
[parsing started SimpleFileObject[C:\Users\Soets\GitHub\LeanerSDTS\src\main\java\leanersdts\DatabaseConnector.java]]
[parsing completed 1ms]
[parsing started SimpleFileObject[C:\Users\Soets\GitHub\LeanerSDTS\src\main\java\leanersdts\DatabaseHelper.java]]
[parsing completed 3ms]
[parsing started SimpleFileObject[C:\Users\Soets\GitHub\LeanerSDTS\src\main\java\leanersdts\DatabaseInitializer.java]]
[parsing completed 2ms]
[parsing started SimpleFileObject[C:\Users\Soets\GitHub\LeanerSDTS\src\main\java\leanersdts\JavaFXDurationHandler.java]]
[parsing completed 0ms]
[parsing started SimpleFileObject[C:\Users\Soets\GitHub\LeanerSDTS\src\main\java\leanersdts\JavaTimeDurationHandler.java]]
[parsing completed 1ms]
[parsing started SimpleFileObject[C:\Users\Soets\GitHub\LeanerSDTS\src\main\java\leanersdts\LeanerSDTS.java]]
[parsing completed 2ms]
[parsing started SimpleFileObject[C:\Users\Soets\GitHub\LeanerSDTS\src\main\java\leanersdts\LearningModulesScreen.java]]
[parsing completed 2ms]
[parsing started SimpleFileObject[C:\Users\Soets\GitHub\LeanerSDTS\src\main\java\leanersdts\LoginData.java]]
[parsing completed 0ms]
[parsing started SimpleFileObject[C:\Users\Soets\GitHub\LeanerSDTS\src\main\java\leanersdts\LoginScreen.java]]
[parsing completed 2ms]
[parsing started SimpleFileObject[C:\Users\Soets\GitHub\LeanerSDTS\src\main\java\leanersdts\Particle.java]]
[parsing completed 3ms]
[parsing started SimpleFileObject[C:\Users\Soets\GitHub\LeanerSDTS\src\main\java\leanersdts\PostgresDataContents.java]]
[parsing completed 1ms]
[parsing started SimpleFileObject[C:\Users\Soets\GitHub\LeanerSDTS\src\main\java\leanersdts\PostgresDataStracture.java]]
[parsing completed 1ms]
[parsing started SimpleFileObject[C:\Users\Soets\GitHub\LeanerSDTS\src\main\java\leanersdts\ProgressTracking.java]]
[parsing completed 3ms]
[parsing started SimpleFileObject[C:\Users\Soets\GitHub\LeanerSDTS\src\main\java\leanersdts\QuizQuestion.java]]
[parsing completed 2ms]
[parsing started SimpleFileObject[C:\Users\Soets\GitHub\LeanerSDTS\src\main\java\leanersdts\QuizQuestionDatabase.java]]
[parsing completed 1ms]
[parsing started SimpleFileObject[C:\Users\Soets\GitHub\LeanerSDTS\src\main\java\leanersdts\QuizSummaryScreen.java]]
[parsing completed 5ms]
[parsing started SimpleFileObject[C:\Users\Soets\GitHub\LeanerSDTS\src\main\java\leanersdts\ResultsScreenController.java]]
[parsing completed 2ms]
[parsing started SimpleFileObject[C:\Users\Soets\GitHub\LeanerSDTS\src\main\java\leanersdts\ReviewScreen.java]]
[parsing completed 5ms]
[parsing started SimpleFileObject[C:\Users\Soets\GitHub\LeanerSDTS\src\main\java\leanersdts\ReviewScreenController.java]]
[parsing completed 1ms]
[parsing started SimpleFileObject[C:\Users\Soets\GitHub\LeanerSDTS\src\main\java\leanersdts\RiskPerceptionModuleScreen.java]]
[parsing completed 0ms]
[parsing started SimpleFileObject[C:\Users\Soets\GitHub\LeanerSDTS\src\main\java\leanersdts\RoadRulesModuleScreen.java]]
[parsing completed 1ms]
[parsing started SimpleFileObject[C:\Users\Soets\GitHub\LeanerSDTS\src\main\java\leanersdts\RuleQuestion.java]]
[parsing completed 2ms]
[parsing started SimpleFileObject[C:\Users\Soets\GitHub\LeanerSDTS\src\main\java\leanersdts\SanFranciscoFireworks.java]]
[parsing completed 3ms]
[parsing started SimpleFileObject[C:\Users\Soets\GitHub\LeanerSDTS\src\main\java\leanersdts\ScreenManager.java]]
[parsing completed 5ms]
[parsing started SimpleFileObject[C:\Users\Soets\GitHub\LeanerSDTS\src\main\java\leanersdts\ServerConnector.java]]
[parsing completed 6ms]
[parsing started SimpleFileObject[C:\Users\Soets\GitHub\LeanerSDTS\src\main\java\leanersdts\ServerDiscovery.java]]
[parsing completed 2ms]
[parsing started SimpleFileObject[C:\Users\Soets\GitHub\LeanerSDTS\src\main\java\leanersdts\SignQuestion.java]]
[parsing completed 2ms]
[parsing started SimpleFileObject[C:\Users\Soets\GitHub\LeanerSDTS\src\main\java\leanersdts\TakeQuizScreen.java]]
[parsing completed 3ms]
[parsing started SimpleFileObject[C:\Users\Soets\GitHub\LeanerSDTS\src\main\java\leanersdts\VehicleMaintenanceModuleScreen.java]]
[parsing completed 1ms]
[loading /modules/jdk.jsobject/module-info.class]
[loading /modules/java.base/module-info.class]
[loading /modules/java.sql.rowset/module-info.class]
[loading /modules/jdk.internal.le/module-info.class]
[loading /modules/java.datatransfer/module-info.class]
[loading /modules/java.security.sasl/module-info.class]
[loading /modules/jdk.attach/module-info.class]
[loading /modules/jdk.xml.dom/module-info.class]
[loading /modules/java.instrument/module-info.class]
[loading /modules/jdk.management/module-info.class]
[loading /modules/java.desktop/module-info.class]
[loading /modules/jdk.jdwp.agent/module-info.class]
[loading /modules/java.management.rmi/module-info.class]
[loading /modules/jdk.jdi/module-info.class]
[loading /modules/jdk.zipfs/module-info.class]
[loading /modules/jdk.hotspot.agent/module-info.class]
[loading /modules/jdk.management.agent/module-info.class]
[loading /modules/java.transaction.xa/module-info.class]
[loading /modules/jdk.crypto.cryptoki/module-info.class]
[loading /modules/jdk.internal.opt/module-info.class]
[loading /modules/jdk.charsets/module-info.class]
[loading /modules/jdk.management.jfr/module-info.class]
[loading /modules/jdk.jshell/module-info.class]
[loading /modules/jdk.javadoc/module-info.class]
[loading /modules/jdk.compiler/module-info.class]
[loading /modules/jdk.internal.vm.compiler/module-info.class]
[loading /modules/jdk.unsupported.desktop/module-info.class]
[loading /modules/jdk.random/module-info.class]
[loading /modules/jdk.internal.vm.ci/module-info.class]
[loading /modules/java.xml.crypto/module-info.class]
[loading /modules/java.sql/module-info.class]
[loading /modules/jdk.incubator.foreign/module-info.class]
[loading /modules/jdk.httpserver/module-info.class]
[loading /modules/jdk.security.auth/module-info.class]
[loading /modules/jdk.nio.mapmode/module-info.class]
[loading /modules/java.prefs/module-info.class]
[loading /modules/jdk.crypto.mscapi/module-info.class]
[loading /modules/jdk.internal.jvmstat/module-info.class]
[loading /modules/jdk.unsupported/module-info.class]
[loading /modules/jdk.net/module-info.class]
[loading /modules/jdk.editpad/module-info.class]
[loading /modules/java.logging/module-info.class]
[loading /modules/java.scripting/module-info.class]
[loading /modules/jdk.jstatd/module-info.class]
[loading /modules/jdk.internal.ed/module-info.class]
[loading /modules/java.compiler/module-info.class]
[loading /modules/jdk.dynalink/module-info.class]
[loading /modules/jdk.jpackage/module-info.class]
[loading /modules/jdk.accessibility/module-info.class]
[loading /modules/jdk.jartool/module-info.class]
[loading /modules/jdk.naming.rmi/module-info.class]
[loading /modules/jdk.internal.vm.compiler.management/module-info.class]
[loading /modules/jdk.naming.dns/module-info.class]
[loading /modules/java.net.http/module-info.class]
[loading /modules/jdk.security.jgss/module-info.class]
[loading /modules/jdk.jfr/module-info.class]
[loading /modules/jdk.jdeps/module-info.class]
[loading /modules/java.security.jgss/module-info.class]
[loading /modules/jdk.jlink/module-info.class]
[loading /modules/java.rmi/module-info.class]
[loading /modules/jdk.crypto.ec/module-info.class]
[loading /modules/java.se/module-info.class]
[loading /modules/jdk.jcmd/module-info.class]
[loading /modules/jdk.incubator.vector/module-info.class]
[loading /modules/java.management/module-info.class]
[loading /modules/java.smartcardio/module-info.class]
[loading /modules/jdk.jconsole/module-info.class]
[loading /modules/jdk.localedata/module-info.class]
[loading /modules/jdk.sctp/module-info.class]
[loading /modules/java.xml/module-info.class]
[loading /modules/java.naming/module-info.class]
[loading lib\javafx\javafx-sdk-17.0.14\lib\javafx.media.jar(/module-info.class)]
[loading lib\javafx\javafx-sdk-17.0.14\lib\javafx.graphics.jar(/module-info.class)]
[loading lib\javafx\javafx-sdk-17.0.14\lib\javafx.base.jar(/module-info.class)]
[loading lib\javafx\javafx-sdk-17.0.14\lib\javafx.fxml.jar(/module-info.class)]
[loading lib\javafx\javafx-sdk-17.0.14\lib\javafx.controls.jar(/module-info.class)]
[loading lib\javafx\javafx-sdk-17.0.14\lib\javafx.web.jar(/module-info.class)]
[search path for source files: src\main\java]
[search path for class files: C:\Program Files\Eclipse Adoptium\jdk-17.0.15.6-hotspot\lib\modules,lib\json-20250517.jar,lib\slf4j-api-2.0.9.jar,lib\slf4j-simple-2.0.9.jar,build\classes]
[loading /modules/java.base/java/util/List.class]
[loading lib\javafx\javafx-sdk-17.0.14\lib\javafx.controls.jar(/javafx/scene/control/Button.class)]
[loading lib\javafx\javafx-sdk-17.0.14\lib\javafx.graphics.jar(/javafx/scene/text/Font.class)]
[loading lib\javafx\javafx-sdk-17.0.14\lib\javafx.graphics.jar(/javafx/scene/text/Text.class)]
[loading /modules/java.base/java/lang/Object.class]
[loading /modules/java.base/java/lang/String.class]
[loading /modules/java.base/java/io/PrintWriter.class]
[loading /modules/java.base/java/io/StringWriter.class]
[loading lib\javafx\javafx-sdk-17.0.14\lib\javafx.graphics.jar(/javafx/scene/Node.class)]
[loading lib\javafx\javafx-sdk-17.0.14\lib\javafx.controls.jar(/javafx/scene/control/Alert.class)]
[loading lib\javafx\javafx-sdk-17.0.14\lib\javafx.controls.jar(/javafx/scene/control/Alert$AlertType.class)]
[loading lib\javafx\javafx-sdk-17.0.14\lib\javafx.graphics.jar(/javafx/scene/effect/BoxBlur.class)]
[loading lib\javafx\javafx-sdk-17.0.14\lib\javafx.graphics.jar(/javafx/scene/layout/StackPane.class)]
[loading /modules/java.logging/java/util/logging/Logger.class]
[loading /modules/java.logging/java/util/logging/Level.class]
[loading lib\javafx\javafx-sdk-17.0.14\lib\javafx.controls.jar(/javafx/scene/control/Dialog.class)]
[loading /modules/java.base/java/lang/Exception.class]
[loading lib\slf4j-api-2.0.9.jar(/org/slf4j/Logger.class)]
[loading lib\slf4j-api-2.0.9.jar(/org/slf4j/LoggerFactory.class)]
[loading /modules/java.base/java/util/HashMap.class]
[loading /modules/java.base/java/util/Deque.class]
[loading /modules/java.base/java/util/LinkedList.class]
[loading lib\javafx\javafx-sdk-17.0.14\lib\javafx.fxml.jar(/javafx/fxml/FXMLLoader.class)]
[loading lib\javafx\javafx-sdk-17.0.14\lib\javafx.graphics.jar(/javafx/scene/Parent.class)]
[loading lib\javafx\javafx-sdk-17.0.14\lib\javafx.graphics.jar(/javafx/scene/layout/VBox.class)]
[loading /modules/java.base/java/util/Map.class]
[loading lib\javafx\javafx-sdk-17.0.14\lib\javafx.graphics.jar(/javafx/scene/layout/Pane.class)]
[loading lib\javafx\javafx-sdk-17.0.14\lib\javafx.graphics.jar(/javafx/scene/layout/Region.class)]
[loading lib\javafx\javafx-sdk-17.0.14\lib\javafx.base.jar(/javafx/event/EventTarget.class)]
[loading lib\javafx\javafx-sdk-17.0.14\lib\javafx.graphics.jar(/javafx/css/Styleable.class)]
[loading lib\javafx\javafx-sdk-17.0.14\lib\javafx.graphics.jar(/javafx/scene/image/Image.class)]
[loading /modules/java.base/java/util/ArrayList.class]
[loading lib\javafx\javafx-sdk-17.0.14\lib\javafx.graphics.jar(/javafx/application/Platform.class)]
[loading lib\javafx\javafx-sdk-17.0.14\lib\javafx.base.jar(/javafx/event/ActionEvent.class)]
[loading lib\javafx\javafx-sdk-17.0.14\lib\javafx.fxml.jar(/javafx/fxml/FXML.class)]
[loading lib\javafx\javafx-sdk-17.0.14\lib\javafx.controls.jar(/javafx/scene/control/Label.class)]
[loading /modules/java.sql/java/sql/Connection.class]
[loading /modules/java.sql/java/sql/DriverManager.class]
[loading /modules/java.sql/java/sql/SQLException.class]
[loading /modules/java.sql/java/sql/ResultSet.class]
[loading /modules/java.sql/java/sql/Statement.class]
[loading lib\javafx\javafx-sdk-17.0.14\lib\javafx.base.jar(/javafx/util/Duration.class)]
[loading /modules/java.base/java/time/Duration.class]
[loading /modules/java.base/java/time/Instant.class]
[loading lib\javafx\javafx-sdk-17.0.14\lib\javafx.graphics.jar(/javafx/application/Application.class)]
[loading lib\javafx\javafx-sdk-17.0.14\lib\javafx.graphics.jar(/javafx/scene/Scene.class)]
[loading lib\javafx\javafx-sdk-17.0.14\lib\javafx.graphics.jar(/javafx/stage/Stage.class)]
[loading /modules/java.base/java/io/IOException.class]
[loading /modules/java.base/java/net/DatagramPacket.class]
[loading /modules/java.base/java/net/DatagramSocket.class]
[loading /modules/java.base/java/net/InetAddress.class]
[loading /modules/java.base/java/net/SocketException.class]
[loading /modules/java.base/java/net/SocketTimeoutException.class]
[loading /modules/java.base/java/net/UnknownHostException.class]
[loading /modules/java.base/java/util/concurrent/ExecutorService.class]
[loading /modules/java.base/java/util/concurrent/Executors.class]
[loading lib\json-20250517.jar(/org/json/JSONException.class)]
[loading lib\json-20250517.jar(/org/json/JSONObject.class)]
[loading lib\javafx\javafx-sdk-17.0.14\lib\javafx.controls.jar(/javafx/scene/control/TextArea.class)]
[loading /modules/java.base/java/util/Date.class]
[loading lib\javafx\javafx-sdk-17.0.14\lib\javafx.controls.jar(/javafx/scene/control/PasswordField.class)]
[loading lib\javafx\javafx-sdk-17.0.14\lib\javafx.controls.jar(/javafx/scene/control/TextField.class)]
[loading lib\javafx\javafx-sdk-17.0.14\lib\javafx.graphics.jar(/javafx/scene/image/ImageView.class)]
[loading lib\javafx\javafx-sdk-17.0.14\lib\javafx.graphics.jar(/javafx/scene/canvas/GraphicsContext.class)]
[loading lib\javafx\javafx-sdk-17.0.14\lib\javafx.graphics.jar(/javafx/scene/paint/Color.class)]
[loading lib\javafx\javafx-sdk-17.0.14\lib\javafx.graphics.jar(/javafx/scene/paint/Paint.class)]
[loading /modules/java.sql/java/sql/DatabaseMetaData.class]
[loading /modules/java.sql/java/sql/ResultSetMetaData.class]
[loading /modules/java.base/java/time/LocalDate.class]
[loading /modules/java.base/java/time/LocalTime.class]
[loading /modules/java.base/java/util/concurrent/TimeUnit.class]
[loading /modules/java.base/java/lang/Integer.class]
[loading lib\javafx\javafx-sdk-17.0.14\lib\javafx.graphics.jar(/javafx/scene/text/TextFlow.class)]
[loading /modules/java.base/java/util/stream/Collectors.class]
[loading /modules/java.base/java/lang/Enum.class]
[loading /modules/java.base/java/lang/constant/Constable.class]
[loading /modules/java.base/java/lang/Comparable.class]
[loading /modules/java.base/java/io/Serializable.class]
[loading lib\javafx\javafx-sdk-17.0.14\lib\javafx.controls.jar(/javafx/scene/control/CheckBox.class)]
[loading lib\javafx\javafx-sdk-17.0.14\lib\javafx.controls.jar(/javafx/scene/control/Slider.class)]
[loading lib\javafx\javafx-sdk-17.0.14\lib\javafx.graphics.jar(/javafx/stage/Modality.class)]
[loading lib\javafx\javafx-sdk-17.0.14\lib\javafx.graphics.jar(/javafx/stage/StageStyle.class)]
[loading /modules/java.base/java/net/URL.class]
[loading /modules/java.base/java/util/Iterator.class]
[loading lib\javafx\javafx-sdk-17.0.14\lib\javafx.graphics.jar(/javafx/animation/AnimationTimer.class)]
[loading lib\javafx\javafx-sdk-17.0.14\lib\javafx.graphics.jar(/javafx/scene/canvas/Canvas.class)]
[loading lib\javafx\javafx-sdk-17.0.14\lib\javafx.graphics.jar(/javafx/scene/effect/BlendMode.class)]
[loading lib\javafx\javafx-sdk-17.0.14\lib\javafx.graphics.jar(/javafx/scene/effect/Reflection.class)]
[loading lib\javafx\javafx-sdk-17.0.14\lib\javafx.graphics.jar(/javafx/scene/paint/CycleMethod.class)]
[loading lib\javafx\javafx-sdk-17.0.14\lib\javafx.graphics.jar(/javafx/scene/paint/RadialGradient.class)]
[loading lib\javafx\javafx-sdk-17.0.14\lib\javafx.graphics.jar(/javafx/scene/paint/Stop.class)]
[loading /modules/java.base/java/net/URI.class]
[loading /modules/java.net.http/java/net/http/HttpClient.class]
[loading /modules/java.net.http/java/net/http/HttpRequest.class]
[loading /modules/java.net.http/java/net/http/HttpResponse.class]
[loading lib\json-20250517.jar(/org/json/JSONArray.class)]
[loading /modules/java.base/java/util/Collections.class]
[loading /modules/java.base/java/util/Random.class]
[loading /modules/java.base/java/lang/InterruptedException.class]
[loading lib\javafx\javafx-sdk-17.0.14\lib\javafx.graphics.jar(/javafx/animation/KeyFrame.class)]
[loading lib\javafx\javafx-sdk-17.0.14\lib\javafx.graphics.jar(/javafx/animation/Timeline.class)]
[loading lib\javafx\javafx-sdk-17.0.14\lib\javafx.controls.jar(/javafx/scene/control/ProgressBar.class)]
[loading lib\javafx\javafx-sdk-17.0.14\lib\javafx.controls.jar(/javafx/scene/control/ToggleGroup.class)]
[loading lib\javafx\javafx-sdk-17.0.14\lib\javafx.base.jar(/javafx/beans/NamedArg.class)]
[loading lib\javafx\javafx-sdk-17.0.14\lib\javafx.base.jar(/javafx/beans/DefaultProperty.class)]
[loading /modules/java.base/java/lang/Deprecated.class]
[loading lib\javafx\javafx-sdk-17.0.14\lib\javafx.base.jar(/com/sun/javafx/beans/IDProperty.class)]
[loading /modules/java.base/java/lang/Override.class]
[loading /modules/java.base/java/lang/annotation/Annotation.class]
[loading /modules/java.base/java/lang/annotation/Retention.class]
[loading /modules/java.base/java/lang/annotation/RetentionPolicy.class]
[loading /modules/java.base/java/lang/annotation/Target.class]
[loading /modules/java.base/java/lang/annotation/ElementType.class]
[loading /modules/java.base/jdk/internal/util/random/RandomSupport.class]
[loading /modules/java.base/jdk/internal/util/random/RandomSupport$RandomGeneratorProperties.class]
[checking leanersdts.AdjustOptionsButtonFontSize]
[loading /modules/java.base/java/lang/AutoCloseable.class]
[loading /modules/java.base/java/util/Collection.class]
[loading /modules/java.base/java/lang/Iterable.class]
[loading lib\javafx\javafx-sdk-17.0.14\lib\javafx.controls.jar(/javafx/scene/control/ButtonBase.class)]
[loading lib\javafx\javafx-sdk-17.0.14\lib\javafx.controls.jar(/javafx/scene/control/Labeled.class)]
[loading lib\javafx\javafx-sdk-17.0.14\lib\javafx.controls.jar(/javafx/scene/control/Control.class)]
[loading lib\javafx\javafx-sdk-17.0.14\lib\javafx.controls.jar(/javafx/scene/control/Skinnable.class)]
[loading lib\javafx\javafx-sdk-17.0.14\lib\javafx.graphics.jar(/javafx/scene/shape/Shape.class)]
[loading lib\javafx\javafx-sdk-17.0.14\lib\javafx.graphics.jar(/javafx/geometry/Bounds.class)]
[loading /modules/java.base/java/lang/CharSequence.class]
[loading /modules/java.base/java/lang/constant/ConstantDesc.class]
[wrote build\classes\leanersdts\AdjustOptionsButtonFontSize.class]
[checking leanersdts.AlertMaker]
[loading /modules/java.base/java/lang/Class.class]
[loading /modules/java.base/java/lang/reflect/GenericDeclaration.class]
[loading /modules/java.base/java/lang/reflect/AnnotatedElement.class]
[loading /modules/java.base/java/lang/reflect/Type.class]
[loading /modules/java.base/java/lang/invoke/TypeDescriptor.class]
[loading /modules/java.base/java/lang/invoke/TypeDescriptor$OfField.class]
[loading /modules/java.base/java/lang/Byte.class]
[loading /modules/java.base/java/lang/Character.class]
[loading /modules/java.base/java/lang/Short.class]
[loading /modules/java.base/java/lang/Long.class]
[loading /modules/java.base/java/lang/Float.class]
[loading /modules/java.base/java/lang/Double.class]
[loading /modules/java.base/java/lang/Boolean.class]
[loading /modules/java.base/java/lang/Void.class]
[loading /modules/java.base/java/util/function/Supplier.class]
[loading /modules/java.base/java/util/Optional.class]
[loading /modules/java.base/java/lang/Throwable.class]
[loading /modules/java.base/java/io/Writer.class]
[loading /modules/java.base/java/io/File.class]
[loading /modules/java.base/java/io/OutputStream.class]
[loading /modules/java.base/java/io/PrintStream.class]
[loading /modules/java.base/java/lang/Appendable.class]
[loading /modules/java.base/java/io/Closeable.class]
[loading /modules/java.base/java/io/Flushable.class]
[loading /modules/java.base/java/util/function/Consumer.class]
[loading lib\javafx\javafx-sdk-17.0.14\lib\javafx.controls.jar(/javafx/scene/control/ButtonType.class)]
[loading lib\javafx\javafx-sdk-17.0.14\lib\javafx.controls.jar(/javafx/scene/control/DialogPane.class)]
[loading lib\javafx\javafx-sdk-17.0.14\lib\javafx.base.jar(/javafx/collections/ObservableList.class)]
[loading lib\javafx\javafx-sdk-17.0.14\lib\javafx.base.jar(/javafx/beans/Observable.class)]
[loading lib\javafx\javafx-sdk-17.0.14\lib\javafx.base.jar(/javafx/event/EventHandler.class)]
[loading lib\javafx\javafx-sdk-17.0.14\lib\javafx.controls.jar(/javafx/scene/control/DialogEvent.class)]
[loading /modules/java.base/java/util/EventListener.class]
[loading lib\javafx\javafx-sdk-17.0.14\lib\javafx.base.jar(/javafx/event/Event.class)]
[loading /modules/java.base/java/lang/invoke/LambdaMetafactory.class]
[loading /modules/java.base/java/lang/invoke/MethodHandles.class]
[loading /modules/java.base/java/lang/invoke/MethodHandles$Lookup.class]
[loading /modules/java.base/java/lang/invoke/MethodType.class]
[loading /modules/java.base/java/lang/invoke/MethodHandle.class]
[loading /modules/java.base/java/lang/invoke/StringConcatFactory.class]
[loading lib\javafx\javafx-sdk-17.0.14\lib\javafx.graphics.jar(/javafx/scene/effect/Effect.class)]
[loading /modules/java.base/java/lang/invoke/CallSite.class]
[wrote build\classes\leanersdts\AlertMaker.class]
[checking leanersdts.ControlledScreen]
[wrote build\classes\leanersdts\ControlledScreen.class]
[checking leanersdts.ScreenManager]
[loading lib\javafx\javafx-sdk-17.0.14\lib\javafx.base.jar(/javafx/collections/ObservableSet.class)]
[loading lib\javafx\javafx-sdk-17.0.14\lib\javafx.graphics.jar(/javafx/css/CssMetaData.class)]
[loading /modules/java.base/java/util/AbstractMap.class]
[loading /modules/java.base/java/util/AbstractSequentialList.class]
[loading /modules/java.base/java/util/AbstractList.class]
[loading /modules/java.base/java/util/AbstractCollection.class]
[loading lib\slf4j-api-2.0.9.jar(/org/slf4j/Marker.class)]
[loading /modules/java.base/java/nio/charset/Charset.class]
[loading lib\javafx\javafx-sdk-17.0.14\lib\javafx.base.jar(/javafx/util/Callback.class)]
[loading /modules/java.base/java/util/Queue.class]
[loading /modules/java.base/java/util/Set.class]
[loading /modules/java.base/java/lang/Error.class]
[loading /modules/java.base/java/lang/RuntimeException.class]
[loading /modules/java.base/java/util/Objects.class]
[wrote build\classes\leanersdts\ScreenManager.class]
[checking leanersdts.ControlQuestion]
[loading /modules/java.base/java/lang/Number.class]
[loading /modules/java.base/java/lang/System.class]
[loading /modules/java.base/java/io/FilterOutputStream.class]
[wrote build\classes\leanersdts\ControlQuestion.class]
[checking leanersdts.QuizQuestion]
[wrote build\classes\leanersdts\QuizQuestion.class]
[checking leanersdts.DashboardScreen]
[wrote build\classes\leanersdts\DashboardScreen.class]
[checking leanersdts.DatabaseConnector]
[loading /modules/java.base/java/util/Properties.class]
[loading /modules/java.base/java/lang/ClassNotFoundException.class]
[loading /modules/java.base/java/lang/ReflectiveOperationException.class]
[wrote build\classes\leanersdts\DatabaseConnector.class]
[checking leanersdts.DatabaseHelper]
[loading /modules/java.sql/java/sql/Wrapper.class]
[wrote build\classes\leanersdts\DatabaseHelper.class]
[checking leanersdts.DatabaseInitializer]
[wrote build\classes\leanersdts\DatabaseInitializer.class]
[checking leanersdts.JavaFXDurationHandler]
[loading /modules/java.base/java/util/Locale.class]
[wrote build\classes\leanersdts\JavaFXDurationHandler.class]
[checking leanersdts.JavaTimeDurationHandler]
[loading /modules/java.base/java/time/temporal/Temporal.class]
[loading /modules/java.base/java/time/temporal/TemporalAmount.class]
[wrote build\classes\leanersdts\JavaTimeDurationHandler.class]
[checking leanersdts.LeanerSDTS]
[loading lib\javafx\javafx-sdk-17.0.14\lib\javafx.graphics.jar(/javafx/stage/Window.class)]
[wrote build\classes\leanersdts\LeanerSDTS.class]
[checking leanersdts.ServerDiscovery]
[loading /modules/java.base/java/io/InterruptedIOException.class]
[loading /modules/java.base/java/util/concurrent/Executor.class]
[loading /modules/java.base/java/lang/Runnable.class]
[loading /modules/java.base/java/util/concurrent/Future.class]
[loading /modules/java.base/java/util/concurrent/Callable.class]
[loading lib\json-20250517.jar(/org/json/JSONTokener.class)]
[wrote build\classes\leanersdts\ServerDiscovery$ServerDiscoveryListener.class]
[wrote build\classes\leanersdts\ServerDiscovery.class]
[checking leanersdts.LearningModulesScreen]
[loading lib\javafx\javafx-sdk-17.0.14\lib\javafx.controls.jar(/javafx/scene/control/TextInputControl.class)]
[wrote build\classes\leanersdts\LearningModulesScreen.class]
[checking leanersdts.LoginData]
[wrote build\classes\leanersdts\LoginData.class]
[checking leanersdts.LoginScreen]
[wrote build\classes\leanersdts\LoginScreen.class]
[checking leanersdts.QuizSummaryScreen]
[loading /modules/java.base/java/lang/ClassLoader.class]
[loading /modules/java.base/java/io/InputStream.class]
[loading lib\javafx\javafx-sdk-17.0.14\lib\javafx.graphics.jar(/javafx/scene/image/PixelBuffer.class)]
[loading /modules/java.base/java/lang/Math.class]
[wrote build\classes\leanersdts\QuizSummaryScreen.class]
[checking leanersdts.Particle]
[loading lib\javafx\javafx-sdk-17.0.14\lib\javafx.graphics.jar(/javafx/animation/Interpolatable.class)]
[wrote build\classes\leanersdts\Particle.class]
[checking leanersdts.PostgresDataContents]
[loading /modules/java.base/java/lang/StringBuilder.class]
[loading /modules/java.base/java/lang/AbstractStringBuilder.class]
[loading /modules/java.base/java/lang/StringBuffer.class]
[wrote build\classes\leanersdts\PostgresDataContents.class]
[checking leanersdts.PostgresDataStracture]
[wrote build\classes\leanersdts\PostgresDataStracture.class]
[checking leanersdts.ProgressTracking]
[wrote build\classes\leanersdts\ProgressTracking.class]
[checking leanersdts.QuizQuestionDatabase]
[wrote build\classes\leanersdts\QuizQuestionDatabase.class]
[checking leanersdts.ResultsScreenController]
[wrote build\classes\leanersdts\ResultsScreenController.class]
[checking leanersdts.ReviewScreen]
[loading /modules/java.base/java/lang/Enum$EnumDesc.class]
[loading /modules/java.base/java/lang/constant/DynamicConstantDesc.class]
[loading /modules/java.base/java/lang/CloneNotSupportedException.class]
[loading lib\javafx\javafx-sdk-17.0.14\lib\javafx.base.jar(/javafx/beans/property/DoubleProperty.class)]
[loading lib\javafx\javafx-sdk-17.0.14\lib\javafx.base.jar(/javafx/beans/property/Property.class)]
[loading lib\javafx\javafx-sdk-17.0.14\lib\javafx.base.jar(/javafx/beans/property/ReadOnlyProperty.class)]
[loading lib\javafx\javafx-sdk-17.0.14\lib\javafx.base.jar(/javafx/beans/value/ObservableValue.class)]
[loading lib\javafx\javafx-sdk-17.0.14\lib\javafx.base.jar(/javafx/beans/value/WritableValue.class)]
[loading lib\javafx\javafx-sdk-17.0.14\lib\javafx.base.jar(/javafx/beans/value/WritableDoubleValue.class)]
[loading lib\javafx\javafx-sdk-17.0.14\lib\javafx.base.jar(/javafx/beans/value/WritableNumberValue.class)]
[loading lib\javafx\javafx-sdk-17.0.14\lib\javafx.base.jar(/javafx/beans/property/ReadOnlyDoubleProperty.class)]
[loading lib\javafx\javafx-sdk-17.0.14\lib\javafx.base.jar(/javafx/beans/binding/DoubleExpression.class)]
[loading lib\javafx\javafx-sdk-17.0.14\lib\javafx.base.jar(/javafx/beans/value/ObservableDoubleValue.class)]
[loading lib\javafx\javafx-sdk-17.0.14\lib\javafx.base.jar(/javafx/beans/value/ObservableNumberValue.class)]
[loading lib\javafx\javafx-sdk-17.0.14\lib\javafx.base.jar(/javafx/beans/binding/NumberExpressionBase.class)]
[loading lib\javafx\javafx-sdk-17.0.14\lib\javafx.base.jar(/javafx/beans/binding/NumberExpression.class)]
[loading lib\javafx\javafx-sdk-17.0.14\lib\javafx.base.jar(/javafx/beans/binding/StringBinding.class)]
[loading lib\javafx\javafx-sdk-17.0.14\lib\javafx.base.jar(/javafx/beans/binding/Bindings.class)]
[loading lib\javafx\javafx-sdk-17.0.14\lib\javafx.base.jar(/javafx/beans/binding/StringExpression.class)]
[loading lib\javafx\javafx-sdk-17.0.14\lib\javafx.base.jar(/javafx/beans/property/StringProperty.class)]
[loading lib\javafx\javafx-sdk-17.0.14\lib\javafx.base.jar(/javafx/beans/value/WritableStringValue.class)]
[loading lib\javafx\javafx-sdk-17.0.14\lib\javafx.base.jar(/javafx/beans/value/WritableObjectValue.class)]
[loading lib\javafx\javafx-sdk-17.0.14\lib\javafx.base.jar(/javafx/beans/property/ReadOnlyStringProperty.class)]
[loading lib\javafx\javafx-sdk-17.0.14\lib\javafx.base.jar(/javafx/beans/value/ObservableStringValue.class)]
[loading lib\javafx\javafx-sdk-17.0.14\lib\javafx.base.jar(/javafx/beans/value/ObservableObjectValue.class)]
[loading lib\javafx\javafx-sdk-17.0.14\lib\javafx.controls.jar(/javafx/scene/control/RadioButton.class)]
[loading lib\javafx\javafx-sdk-17.0.14\lib\javafx.controls.jar(/javafx/scene/control/ToggleButton.class)]
[loading lib\javafx\javafx-sdk-17.0.14\lib\javafx.controls.jar(/javafx/scene/control/Toggle.class)]
[loading lib\javafx\javafx-sdk-17.0.14\lib\javafx.base.jar(/javafx/beans/property/ReadOnlyObjectProperty.class)]
[loading lib\javafx\javafx-sdk-17.0.14\lib\javafx.base.jar(/javafx/beans/binding/ObjectExpression.class)]
[loading lib\javafx\javafx-sdk-17.0.14\lib\javafx.base.jar(/javafx/beans/value/ChangeListener.class)]
[loading lib\javafx\javafx-sdk-17.0.14\lib\javafx.base.jar(/javafx/beans/InvalidationListener.class)]
[loading /modules/java.base/java/util/stream/Collector.class]
[loading /modules/java.base/java/util/stream/Stream.class]
[loading /modules/java.base/java/util/stream/BaseStream.class]
[loading /modules/java.base/java/util/function/Predicate.class]
[loading /modules/java.base/java/util/function/BiConsumer.class]
[wrote build\classes\leanersdts\ReviewScreen$ReviewMode.class]
[wrote build\classes\leanersdts\ReviewScreen.class]
[checking leanersdts.ReviewScreenController]
[loading lib\javafx\javafx-sdk-17.0.14\lib\javafx.controls.jar(/javafx/scene/control/ComboBox.class)]
[loading lib\javafx\javafx-sdk-17.0.14\lib\javafx.controls.jar(/javafx/scene/control/ComboBoxBase.class)]
[loading lib\javafx\javafx-sdk-17.0.14\lib\javafx.controls.jar(/javafx/scene/control/SingleSelectionModel.class)]
[loading lib\javafx\javafx-sdk-17.0.14\lib\javafx.controls.jar(/javafx/scene/control/SelectionModel.class)]
[wrote build\classes\leanersdts\ReviewScreenController.class]
[checking leanersdts.RiskPerceptionModuleScreen]
[wrote build\classes\leanersdts\RiskPerceptionModuleScreen.class]
[checking leanersdts.RoadRulesModuleScreen]
[wrote build\classes\leanersdts\RoadRulesModuleScreen.class]
[checking leanersdts.RuleQuestion]
[wrote build\classes\leanersdts\RuleQuestion.class]
[checking leanersdts.SanFranciscoFireworks]
[wrote build\classes\leanersdts\SanFranciscoFireworks$1.class]
[wrote build\classes\leanersdts\SanFranciscoFireworks.class]
[checking leanersdts.ServerConnector]
[loading /modules/java.net.http/java/net/http/HttpRequest$BodyPublishers.class]
[loading /modules/java.net.http/java/net/http/HttpRequest$BodyPublisher.class]
[loading /modules/java.net.http/java/net/http/HttpRequest$Builder.class]
[loading /modules/java.net.http/java/net/http/HttpResponse$BodyHandlers.class]
[loading /modules/java.net.http/java/net/http/HttpResponse$BodyHandler.class]
[loading /modules/java.base/java/lang/Cloneable.class]
[loading /modules/java.base/java/util/function/IntFunction.class]
[wrote build\classes\leanersdts\ServerConnector$1.class]
[wrote build\classes\leanersdts\ServerConnector.class]
[checking leanersdts.SignQuestion]
[wrote build\classes\leanersdts\SignQuestion.class]
[checking leanersdts.TakeQuizScreen]
[loading lib\javafx\javafx-sdk-17.0.14\lib\javafx.controls.jar(/javafx/scene/control/ProgressIndicator.class)]
[loading lib\javafx\javafx-sdk-17.0.14\lib\javafx.base.jar(/javafx/beans/property/ReadOnlyBooleanProperty.class)]
[loading lib\javafx\javafx-sdk-17.0.14\lib\javafx.base.jar(/javafx/beans/binding/BooleanExpression.class)]
[loading lib\javafx\javafx-sdk-17.0.14\lib\javafx.base.jar(/javafx/beans/value/ObservableBooleanValue.class)]
[loading lib\javafx\javafx-sdk-17.0.14\lib\javafx.graphics.jar(/javafx/animation/Animation.class)]
[loading /modules/java.base/java/time/temporal/ChronoUnit.class]
[loading /modules/java.base/java/time/temporal/TemporalAccessor.class]
[loading /modules/java.base/java/time/temporal/TemporalAdjuster.class]
[loading /modules/java.base/java/time/temporal/TemporalUnit.class]
[loading lib\javafx\javafx-sdk-17.0.14\lib\javafx.graphics.jar(/javafx/animation/KeyValue.class)]
[loading lib\javafx\javafx-sdk-17.0.14\lib\javafx.graphics.jar(/com/sun/scenario/animation/AbstractPrimaryTimer.class)]
[wrote build\classes\leanersdts\TakeQuizScreen.class]
[checking leanersdts.VehicleMaintenanceModuleScreen]
[wrote build\classes\leanersdts\VehicleMaintenanceModuleScreen.class]
[total 1876ms]
