[JavaFX Application Thread] INFO leanersdts.LeanerSDTS - Starting application
[JavaFX Application Thread] INFO leanersdts.ScreenManager - Loading screen: login from file: LoginScreen.fxml
[JavaFX Application Thread] INFO leanersdts.ScreenManager - Adding screen: login
[JavaFX Application Thread] INFO leanersdts.ScreenManager - Successfully loaded screen: login
[JavaFX Application Thread] INFO leanersdts.ScreenManager - Loading screen: dashboard from file: DashboardScreen.fxml
Jun 27, 2025 6:45:09 PM leanersdts.DashboardScreen initialize
INFO: [DashboardScreen] initialize() called.
Jun 27, 2025 6:45:09 PM leanersdts.DashboardScreen initialize
INFO: DashboardScreen initialized.
[JavaFX Application Thread] INFO leanersdts.ScreenManager - Adding screen: dashboard
[JavaFX Application Thread] INFO leanersdts.ScreenManager - Successfully loaded screen: dashboard
[JavaFX Application Thread] INFO leanersdts.ScreenManager - Loading screen: LearningModulesScreen from file: LearningModulesScreen.fxml
[JavaFX Application Thread] INFO leanersdts.ScreenManager - Adding screen: LearningModulesScreen
[JavaFX Application Thread] INFO leanersdts.ScreenManager - Successfully loaded screen: LearningModulesScreen
[JavaFX Application Thread] INFO leanersdts.ScreenManager - Loading screen: RiskPerceptionModuleScreen from file: RiskPerceptionModuleScreen.fxml
[JavaFX Application Thread] INFO leanersdts.ScreenManager - Adding screen: RiskPerceptionModuleScreen
[JavaFX Application Thread] INFO leanersdts.ScreenManager - Successfully loaded screen: RiskPerceptionModuleScreen
[JavaFX Application Thread] INFO leanersdts.ScreenManager - Loading screen: RoadRulesModuleScreen from file: RoadRulesModuleScreen.fxml
[JavaFX Application Thread] INFO leanersdts.ScreenManager - Adding screen: RoadRulesModuleScreen
[JavaFX Application Thread] INFO leanersdts.ScreenManager - Successfully loaded screen: RoadRulesModuleScreen
[JavaFX Application Thread] INFO leanersdts.ScreenManager - Loading screen: VehicleMaintenanceModuleScreen from file: VehicleMaintenanceModuleScreen.fxml
[JavaFX Application Thread] INFO leanersdts.ScreenManager - Adding screen: VehicleMaintenanceModuleScreen
[JavaFX Application Thread] INFO leanersdts.ScreenManager - Successfully loaded screen: VehicleMaintenanceModuleScreen
[JavaFX Application Thread] INFO leanersdts.LeanerSDTS - [LeanerSDTS] Attempting to load TakeQuizScreen FXML.
[JavaFX Application Thread] INFO leanersdts.ScreenManager - Loading screen: TakeQuizScreen from file: TakeQuizScreen.fxml
Jun 27, 2025 6:45:10 PM leanersdts.TakeQuizScreen initialize
INFO: [TakeQuizScreen] Initializing new quiz screen UI.
Jun 27, 2025 6:45:10 PM leanersdts.TakeQuizScreen setScreenParent
INFO: [TakeQuizScreen setScreenParent] ScreenManager set. ReviewController will be fetched on demand.
[JavaFX Application Thread] INFO leanersdts.ScreenManager - Adding screen: TakeQuizScreen
[JavaFX Application Thread] INFO leanersdts.ScreenManager - Successfully loaded screen: TakeQuizScreen
[JavaFX Application Thread] INFO leanersdts.LeanerSDTS - [LeanerSDTS] Finished loading TakeQuizScreen FXML. Success: true
[JavaFX Application Thread] INFO leanersdts.ScreenManager - Loading screen: review from file: ReviewScreen.fxml
[JavaFX Application Thread] INFO leanersdts.ReviewScreen - [ReviewScreen Constructor] FXMLLoader.getController() returned: leanersdts.ReviewScreenController
[JavaFX Application Thread] INFO leanersdts.ReviewScreen - [ReviewScreen Constructor] Successfully cast and assigned ReviewScreenController. this.controller is now: initialized
[JavaFX Application Thread] INFO leanersdts.ScreenManager - Adding screen: review
[JavaFX Application Thread] INFO leanersdts.ScreenManager - Successfully loaded screen: review
[JavaFX Application Thread] INFO leanersdts.ScreenManager - Loading screen: results from file: ResultsScreen.fxml
[JavaFX Application Thread] INFO leanersdts.ScreenManager - Adding screen: results
[JavaFX Application Thread] INFO leanersdts.ScreenManager - Successfully loaded screen: results
[JavaFX Application Thread] INFO leanersdts.LeanerSDTS - [LeanerSDTS] Setting initial screen to LoginScreen.
[JavaFX Application Thread] INFO leanersdts.ScreenManager - Screen set successfully: login
[JavaFX Application Thread] INFO leanersdts.LeanerSDTS - [LeanerSDTS] Preparing to start server discovery.
[JavaFX Application Thread] INFO leanersdts.LeanerSDTS - [LeanerSDTS] Server discovery process initiated.
[JavaFX Application Thread] INFO leanersdts.LeanerSDTS - Application started successfully, discovery initiated.
[pool-2-thread-1] INFO leanersdts.ServerDiscovery - Sent discovery packet to /255.255.255.255:3579
[pool-2-thread-1] INFO leanersdts.ServerDiscovery - Receive timeout, sending another broadcast
[pool-2-thread-1] INFO leanersdts.ServerDiscovery - Receive timeout, sending another broadcast
[pool-2-thread-1] INFO leanersdts.ServerDiscovery - Receive timeout, sending another broadcast
[pool-2-thread-1] INFO leanersdts.ServerDiscovery - Receive timeout, sending another broadcast
[pool-2-thread-1] INFO leanersdts.ServerDiscovery - Receive timeout, sending another broadcast
[pool-2-thread-1] INFO leanersdts.ServerDiscovery - Receive timeout, sending another broadcast
[pool-2-thread-1] INFO leanersdts.ServerDiscovery - Receive timeout, sending another broadcast
[pool-2-thread-1] INFO leanersdts.ServerDiscovery - Receive timeout, sending another broadcast
[pool-2-thread-1] INFO leanersdts.ServerDiscovery - Receive timeout, sending another broadcast
[pool-2-thread-1] INFO leanersdts.ServerDiscovery - Receive timeout, sending another broadcast
[pool-2-thread-1] INFO leanersdts.ServerDiscovery - Receive timeout, sending another broadcast
[pool-2-thread-1] INFO leanersdts.ServerDiscovery - Receive timeout, sending another broadcast
[pool-2-thread-1] INFO leanersdts.ServerDiscovery - Receive timeout, sending another broadcast
[pool-2-thread-1] INFO leanersdts.ServerDiscovery - Receive timeout, sending another broadcast
[pool-2-thread-1] INFO leanersdts.ServerDiscovery - Receive timeout, sending another broadcast
[pool-2-thread-1] INFO leanersdts.ServerDiscovery - Receive timeout, sending another broadcast
[pool-2-thread-1] INFO leanersdts.ServerDiscovery - Receive timeout, sending another broadcast
[pool-2-thread-1] INFO leanersdts.ServerDiscovery - Receive timeout, sending another broadcast
[pool-2-thread-1] INFO leanersdts.ServerDiscovery - Receive timeout, sending another broadcast
[pool-2-thread-1] INFO leanersdts.ServerDiscovery - Receive timeout, sending another broadcast
[pool-2-thread-1] INFO leanersdts.ServerDiscovery - Receive timeout, sending another broadcast
[pool-2-thread-1] INFO leanersdts.ServerDiscovery - Receive timeout, sending another broadcast
[pool-2-thread-1] INFO leanersdts.ServerDiscovery - Receive timeout, sending another broadcast
[pool-2-thread-1] INFO leanersdts.ServerDiscovery - Receive timeout, sending another broadcast
[pool-2-thread-1] INFO leanersdts.ServerDiscovery - Receive timeout, sending another broadcast
[pool-2-thread-1] INFO leanersdts.ServerDiscovery - Receive timeout, sending another broadcast
[pool-2-thread-1] INFO leanersdts.ServerDiscovery - Receive timeout, sending another broadcast
[pool-2-thread-1] INFO leanersdts.ServerDiscovery - Receive timeout, sending another broadcast
[pool-2-thread-1] INFO leanersdts.ServerDiscovery - Receive timeout, sending another broadcast
[pool-2-thread-1] INFO leanersdts.ServerDiscovery - Receive timeout, sending another broadcast
[pool-2-thread-1] INFO leanersdts.ServerDiscovery - Receive timeout, sending another broadcast
[pool-2-thread-1] INFO leanersdts.ServerDiscovery - Receive timeout, sending another broadcast
[pool-2-thread-1] INFO leanersdts.ServerDiscovery - Received broadcast: {"ip":"192.168.242.251","port":3003} from 192.168.242.251
Jun 27, 2025 6:46:47 PM leanersdts.ServerConnector setBaseUrl
INFO: [ServerConnector] Setting baseUrl to: http://192.168.242.251:3003/
[pool-2-thread-1] INFO leanersdts.LeanerSDTS - [LeanerSDTS] onServerDiscovered: ServerConnector.baseUrl set to: http://192.168.242.251:3003/
[pool-2-thread-1] INFO leanersdts.LeanerSDTS - Server discovered: http://192.168.242.251:3003/
[pool-2-thread-1] INFO leanersdts.ServerDiscovery - Discovery socket closed
[pool-2-thread-1] INFO leanersdts.ServerDiscovery - Discovery executor service shut down
[JavaFX Application Thread] INFO leanersdts.LoginScreen - Login attempt for user: mosa
Jun 27, 2025 6:48:41 PM leanersdts.ServerConnector validateLogin
INFO: [ServerConnector] validateLogin called. Current baseUrl: http://192.168.242.251:3003/
[JavaFX Application Thread] INFO leanersdts.LoginScreen - Successful login for user: mosa
[JavaFX Application Thread] INFO leanersdts.ScreenManager - Screen set successfully: dashboard
Jun 27, 2025 6:48:43 PM leanersdts.DashboardScreen handleTakeQuizButtonAction
INFO: [DashboardScreen] handleTakeQuizButtonAction called. Attempting to set screen to TakeQuizScreenID.
[JavaFX Application Thread] INFO leanersdts.ScreenManager - Screen set successfully: TakeQuizScreen
Jun 27, 2025 6:48:43 PM leanersdts.DashboardScreen handleTakeQuizButtonAction
INFO: [DashboardScreen] Calling loadQuizDataAndStart() on TakeQuizScreen.
Jun 27, 2025 6:48:43 PM leanersdts.TakeQuizScreen loadQuizDataAndStart
INFO: [TakeQuizScreen] Loading quiz data and starting quiz.
Jun 27, 2025 6:48:43 PM leanersdts.ServerConnector getQuizQuestions
INFO: [ServerConnector] getQuizQuestions called. Fetching structured quiz set. Current baseUrl: http://192.168.242.251:3003/
Jun 27, 2025 6:48:43 PM leanersdts.ServerConnector fetchQuestionsFromCategory
INFO: [ServerConnector] Fetching questions from category: signs. URL: http://192.168.242.251:3003/api/questions/signs?count=28 (Note: Server currently returns all questions from this category)
Jun 27, 2025 6:48:43 PM leanersdts.ServerConnector fetchQuestionsFromCategory
INFO: [ServerConnector] Fetching questions from category: rules. URL: http://192.168.242.251:3003/api/questions/rules?count=28 (Note: Server currently returns all questions from this category)
Jun 27, 2025 6:48:43 PM leanersdts.ServerConnector fetchQuestionsFromCategory
INFO: [ServerConnector] Fetching questions from category: controls. URL: http://192.168.242.251:3003/api/questions/controls?count=8 (Note: Server currently returns all questions from this category)
Jun 27, 2025 6:48:43 PM leanersdts.ServerConnector getQuizQuestions
INFO: [ServerConnector] Successfully created structured quiz. Total questions: 64 (Signs: 28, Rules: 28, Controls: 8)
Jun 27, 2025 6:48:43 PM leanersdts.TakeQuizScreen loadQuestion
INFO: [TakeQuizScreen] Attempting to load image. URL received: http://192.168.242.251:3003/api/uploads/VehicleControls.png
Jun 27, 2025 6:48:43 PM leanersdts.TakeQuizScreen loadQuestion
INFO: [TakeQuizScreen] Image loading initiated for URL: http://192.168.242.251:3003/api/uploads/VehicleControls.png
Jun 27, 2025 6:48:43 PM leanersdts.TakeQuizScreen startQuizTimer
INFO: [TakeQuizScreen] Quiz timer started.
Jun 27, 2025 6:56:36 PM leanersdts.TakeQuizScreen loadQuestion
INFO: [TakeQuizScreen] Attempting to load image. URL received: http://192.168.242.251:3003/api/uploads/DisabledPersons.jpg
Jun 27, 2025 6:56:36 PM leanersdts.TakeQuizScreen loadQuestion
INFO: [TakeQuizScreen] Image loading initiated for URL: http://192.168.242.251:3003/api/uploads/DisabledPersons.jpg
Jun 27, 2025 6:56:36 PM leanersdts.TakeQuizScreen lambda$loadQuestion$0
SEVERE: Error loading image from URL: http://192.168.242.251:3003/api/uploads/DisabledPersons.jpg
java.util.concurrent.ExecutionException: java.io.FileNotFoundException: http://192.168.242.251:3003/api/uploads/DisabledPersons.jpg
	at java.base/java.util.concurrent.FutureTask.report(FutureTask.java:122)
	at java.base/java.util.concurrent.FutureTask.get(FutureTask.java:191)
	at javafx.graphics/com.sun.javafx.runtime.async.AbstractAsyncOperation$1.run(AbstractAsyncOperation.java:66)
	at javafx.graphics/com.sun.javafx.application.PlatformImpl.lambda$runLater$10(PlatformImpl.java:457)
	at java.base/java.security.AccessController.doPrivileged(AccessController.java:399)
	at javafx.graphics/com.sun.javafx.application.PlatformImpl.lambda$runLater$11(PlatformImpl.java:456)
	at javafx.graphics/com.sun.glass.ui.InvokeLaterDispatcher$Future.run(InvokeLaterDispatcher.java:96)
	at javafx.graphics/com.sun.glass.ui.win.WinApplication._runLoop(Native Method)
	at javafx.graphics/com.sun.glass.ui.win.WinApplication.lambda$runLoop$3(WinApplication.java:184)
	at java.base/java.lang.Thread.run(Thread.java:840)
Caused by: java.io.FileNotFoundException: http://192.168.242.251:3003/api/uploads/DisabledPersons.jpg
	at java.base/jdk.internal.reflect.NativeConstructorAccessorImpl.newInstance0(Native Method)
	at java.base/jdk.internal.reflect.NativeConstructorAccessorImpl.newInstance(NativeConstructorAccessorImpl.java:77)
	at java.base/jdk.internal.reflect.DelegatingConstructorAccessorImpl.newInstance(DelegatingConstructorAccessorImpl.java:45)
	at java.base/java.lang.reflect.Constructor.newInstanceWithCaller(Constructor.java:500)
	at java.base/java.lang.reflect.Constructor.newInstance(Constructor.java:481)
	at java.base/sun.net.www.protocol.http.HttpURLConnection$10.run(HttpURLConnection.java:2094)
	at java.base/sun.net.www.protocol.http.HttpURLConnection$10.run(HttpURLConnection.java:2089)
	at java.base/java.security.AccessController.doPrivileged(AccessController.java:569)
	at java.base/sun.net.www.protocol.http.HttpURLConnection.getChainedException(HttpURLConnection.java:2088)
	at java.base/sun.net.www.protocol.http.HttpURLConnection.getInputStream0(HttpURLConnection.java:1646)
	at java.base/sun.net.www.protocol.http.HttpURLConnection.getInputStream(HttpURLConnection.java:1626)
	at javafx.graphics/com.sun.javafx.runtime.async.AbstractRemoteResource.call(AbstractRemoteResource.java:101)
	at javafx.graphics/com.sun.javafx.tk.quantum.PrismImageLoader2$AsyncImageLoader.access$001(PrismImageLoader2.java:225)
	at javafx.graphics/com.sun.javafx.tk.quantum.PrismImageLoader2$AsyncImageLoader.lambda$call$0(PrismImageLoader2.java:262)
	at java.base/java.security.AccessController.doPrivileged(AccessController.java:712)
	at javafx.graphics/com.sun.javafx.tk.quantum.PrismImageLoader2$AsyncImageLoader.call(PrismImageLoader2.java:261)
	at javafx.graphics/com.sun.javafx.tk.quantum.PrismImageLoader2$AsyncImageLoader.call(PrismImageLoader2.java:225)
	at javafx.graphics/com.sun.javafx.runtime.async.AbstractAsyncOperation.lambda$new$0(AbstractAsyncOperation.java:57)
	at java.base/java.util.concurrent.FutureTask.run(FutureTask.java:264)
	at java.base/java.util.concurrent.ThreadPoolExecutor.runWorker(ThreadPoolExecutor.java:1136)
	at java.base/java.util.concurrent.ThreadPoolExecutor$Worker.run(ThreadPoolExecutor.java:635)
	... 1 more
Caused by: java.io.FileNotFoundException: http://192.168.242.251:3003/api/uploads/DisabledPersons.jpg
	at java.base/sun.net.www.protocol.http.HttpURLConnection.getInputStream0(HttpURLConnection.java:2033)
	at java.base/sun.net.www.protocol.http.HttpURLConnection.getInputStream(HttpURLConnection.java:1626)
	at java.base/sun.net.www.protocol.http.HttpURLConnection.getHeaderField(HttpURLConnection.java:3293)
	at java.base/java.net.URLConnection.getHeaderFieldLong(URLConnection.java:639)
	at java.base/java.net.URLConnection.getContentLengthLong(URLConnection.java:509)
	at java.base/java.net.URLConnection.getContentLength(URLConnection.java:493)
	at javafx.graphics/com.sun.javafx.runtime.async.AbstractRemoteResource.call(AbstractRemoteResource.java:97)
	... 10 more

Jun 27, 2025 6:56:44 PM leanersdts.TakeQuizScreen loadQuestion
INFO: [TakeQuizScreen] Attempting to load image. URL received: http://192.168.242.251:3003/api/uploads/allowtoovertake.png
Jun 27, 2025 6:56:44 PM leanersdts.TakeQuizScreen loadQuestion
INFO: [TakeQuizScreen] Image loading initiated for URL: http://192.168.242.251:3003/api/uploads/allowtoovertake.png
Jun 27, 2025 6:56:49 PM leanersdts.TakeQuizScreen loadQuestion
INFO: [TakeQuizScreen] Attempting to load image. URL received: null
Jun 27, 2025 6:56:49 PM leanersdts.TakeQuizScreen loadQuestion
INFO: [TakeQuizScreen] No valid image URL provided for this question. Hiding ImageView.
Jun 27, 2025 6:56:54 PM leanersdts.TakeQuizScreen loadQuestion
INFO: [TakeQuizScreen] Attempting to load image. URL received: http://192.168.242.251:3003/api/uploads/noovertakingsignandnocrossing.png
Jun 27, 2025 6:56:54 PM leanersdts.TakeQuizScreen loadQuestion
INFO: [TakeQuizScreen] Image loading initiated for URL: http://192.168.242.251:3003/api/uploads/noovertakingsignandnocrossing.png
Jun 27, 2025 6:56:59 PM leanersdts.TakeQuizScreen loadQuestion
INFO: [TakeQuizScreen] Attempting to load image. URL received: http://192.168.242.251:3003/api/uploads/goodsvehiclesign.png
Jun 27, 2025 6:56:59 PM leanersdts.TakeQuizScreen loadQuestion
INFO: [TakeQuizScreen] Image loading initiated for URL: http://192.168.242.251:3003/api/uploads/goodsvehiclesign.png
Jun 27, 2025 6:57:14 PM leanersdts.TakeQuizScreen loadQuestion
INFO: [TakeQuizScreen] Attempting to load image. URL received: null
Jun 27, 2025 6:57:14 PM leanersdts.TakeQuizScreen loadQuestion
INFO: [TakeQuizScreen] No valid image URL provided for this question. Hiding ImageView.
Jun 27, 2025 6:57:18 PM leanersdts.TakeQuizScreen loadQuestion
INFO: [TakeQuizScreen] Attempting to load image. URL received: null
Jun 27, 2025 6:57:18 PM leanersdts.TakeQuizScreen loadQuestion
INFO: [TakeQuizScreen] No valid image URL provided for this question. Hiding ImageView.
Jun 27, 2025 6:57:29 PM leanersdts.TakeQuizScreen loadQuestion
INFO: [TakeQuizScreen] Attempting to load image. URL received: null
Jun 27, 2025 6:57:29 PM leanersdts.TakeQuizScreen loadQuestion
INFO: [TakeQuizScreen] No valid image URL provided for this question. Hiding ImageView.
Jun 27, 2025 6:57:32 PM leanersdts.TakeQuizScreen loadQuestion
INFO: [TakeQuizScreen] Attempting to load image. URL received: http://192.168.242.251:3003/api/uploads/witdthlimitsign.png
Jun 27, 2025 6:57:32 PM leanersdts.TakeQuizScreen loadQuestion
INFO: [TakeQuizScreen] Image loading initiated for URL: http://192.168.242.251:3003/api/uploads/witdthlimitsign.png
Jun 27, 2025 6:57:54 PM leanersdts.TakeQuizScreen loadQuestion
INFO: [TakeQuizScreen] Attempting to load image. URL received: http://192.168.242.251:3003/api/uploads/AlternativeRoute.png
Jun 27, 2025 6:57:54 PM leanersdts.TakeQuizScreen loadQuestion
INFO: [TakeQuizScreen] Image loading initiated for URL: http://192.168.242.251:3003/api/uploads/AlternativeRoute.png
Jun 27, 2025 6:57:54 PM leanersdts.TakeQuizScreen lambda$loadQuestion$0
SEVERE: Error loading image from URL: http://192.168.242.251:3003/api/uploads/AlternativeRoute.png
java.util.concurrent.ExecutionException: java.io.FileNotFoundException: http://192.168.242.251:3003/api/uploads/AlternativeRoute.png
	at java.base/java.util.concurrent.FutureTask.report(FutureTask.java:122)
	at java.base/java.util.concurrent.FutureTask.get(FutureTask.java:191)
	at javafx.graphics/com.sun.javafx.runtime.async.AbstractAsyncOperation$1.run(AbstractAsyncOperation.java:66)
	at javafx.graphics/com.sun.javafx.application.PlatformImpl.lambda$runLater$10(PlatformImpl.java:457)
	at java.base/java.security.AccessController.doPrivileged(AccessController.java:399)
	at javafx.graphics/com.sun.javafx.application.PlatformImpl.lambda$runLater$11(PlatformImpl.java:456)
	at javafx.graphics/com.sun.glass.ui.InvokeLaterDispatcher$Future.run(InvokeLaterDispatcher.java:96)
	at javafx.graphics/com.sun.glass.ui.win.WinApplication._runLoop(Native Method)
	at javafx.graphics/com.sun.glass.ui.win.WinApplication.lambda$runLoop$3(WinApplication.java:184)
	at java.base/java.lang.Thread.run(Thread.java:840)
Caused by: java.io.FileNotFoundException: http://192.168.242.251:3003/api/uploads/AlternativeRoute.png
	at java.base/jdk.internal.reflect.NativeConstructorAccessorImpl.newInstance0(Native Method)
	at java.base/jdk.internal.reflect.NativeConstructorAccessorImpl.newInstance(NativeConstructorAccessorImpl.java:77)
	at java.base/jdk.internal.reflect.DelegatingConstructorAccessorImpl.newInstance(DelegatingConstructorAccessorImpl.java:45)
	at java.base/java.lang.reflect.Constructor.newInstanceWithCaller(Constructor.java:500)
	at java.base/java.lang.reflect.Constructor.newInstance(Constructor.java:481)
	at java.base/sun.net.www.protocol.http.HttpURLConnection$10.run(HttpURLConnection.java:2094)
	at java.base/sun.net.www.protocol.http.HttpURLConnection$10.run(HttpURLConnection.java:2089)
	at java.base/java.security.AccessController.doPrivileged(AccessController.java:569)
	at java.base/sun.net.www.protocol.http.HttpURLConnection.getChainedException(HttpURLConnection.java:2088)
	at java.base/sun.net.www.protocol.http.HttpURLConnection.getInputStream0(HttpURLConnection.java:1646)
	at java.base/sun.net.www.protocol.http.HttpURLConnection.getInputStream(HttpURLConnection.java:1626)
	at javafx.graphics/com.sun.javafx.runtime.async.AbstractRemoteResource.call(AbstractRemoteResource.java:101)
	at javafx.graphics/com.sun.javafx.tk.quantum.PrismImageLoader2$AsyncImageLoader.access$001(PrismImageLoader2.java:225)
	at javafx.graphics/com.sun.javafx.tk.quantum.PrismImageLoader2$AsyncImageLoader.lambda$call$0(PrismImageLoader2.java:262)
	at java.base/java.security.AccessController.doPrivileged(AccessController.java:712)
	at javafx.graphics/com.sun.javafx.tk.quantum.PrismImageLoader2$AsyncImageLoader.call(PrismImageLoader2.java:261)
	at javafx.graphics/com.sun.javafx.tk.quantum.PrismImageLoader2$AsyncImageLoader.call(PrismImageLoader2.java:225)
	at javafx.graphics/com.sun.javafx.runtime.async.AbstractAsyncOperation.lambda$new$0(AbstractAsyncOperation.java:57)
	at java.base/java.util.concurrent.FutureTask.run(FutureTask.java:264)
	at java.base/java.util.concurrent.ThreadPoolExecutor.runWorker(ThreadPoolExecutor.java:1136)
	at java.base/java.util.concurrent.ThreadPoolExecutor$Worker.run(ThreadPoolExecutor.java:635)
	... 1 more
Caused by: java.io.FileNotFoundException: http://192.168.242.251:3003/api/uploads/AlternativeRoute.png
	at java.base/sun.net.www.protocol.http.HttpURLConnection.getInputStream0(HttpURLConnection.java:2033)
	at java.base/sun.net.www.protocol.http.HttpURLConnection.getInputStream(HttpURLConnection.java:1626)
	at java.base/sun.net.www.protocol.http.HttpURLConnection.getHeaderField(HttpURLConnection.java:3293)
	at java.base/java.net.URLConnection.getHeaderFieldLong(URLConnection.java:639)
	at java.base/java.net.URLConnection.getContentLengthLong(URLConnection.java:509)
	at java.base/java.net.URLConnection.getContentLength(URLConnection.java:493)
	at javafx.graphics/com.sun.javafx.runtime.async.AbstractRemoteResource.call(AbstractRemoteResource.java:97)
	... 10 more

Jun 27, 2025 6:57:59 PM leanersdts.TakeQuizScreen loadQuestion
INFO: [TakeQuizScreen] Attempting to load image. URL received: null
Jun 27, 2025 6:57:59 PM leanersdts.TakeQuizScreen loadQuestion
INFO: [TakeQuizScreen] No valid image URL provided for this question. Hiding ImageView.
Jun 27, 2025 6:58:04 PM leanersdts.TakeQuizScreen loadQuestion
INFO: [TakeQuizScreen] Attempting to load image. URL received: null
Jun 27, 2025 6:58:04 PM leanersdts.TakeQuizScreen loadQuestion
INFO: [TakeQuizScreen] No valid image URL provided for this question. Hiding ImageView.
Jun 27, 2025 6:58:07 PM leanersdts.TakeQuizScreen loadQuestion
INFO: [TakeQuizScreen] Attempting to load image. URL received: null
Jun 27, 2025 6:58:07 PM leanersdts.TakeQuizScreen loadQuestion
INFO: [TakeQuizScreen] No valid image URL provided for this question. Hiding ImageView.
Jun 27, 2025 6:58:30 PM leanersdts.TakeQuizScreen loadQuestion
INFO: [TakeQuizScreen] Attempting to load image. URL received: http://192.168.242.251:3003/api/uploads/VehicleControls.png
Jun 27, 2025 6:58:30 PM leanersdts.TakeQuizScreen loadQuestion
INFO: [TakeQuizScreen] Image loading initiated for URL: http://192.168.242.251:3003/api/uploads/VehicleControls.png
Jun 27, 2025 6:58:36 PM leanersdts.TakeQuizScreen loadQuestion
INFO: [TakeQuizScreen] Attempting to load image. URL received: http://192.168.242.251:3003/api/uploads/waystopsign.png
Jun 27, 2025 6:58:36 PM leanersdts.TakeQuizScreen loadQuestion
INFO: [TakeQuizScreen] Image loading initiated for URL: http://192.168.242.251:3003/api/uploads/waystopsign.png
Jun 27, 2025 6:58:44 PM leanersdts.TakeQuizScreen loadQuestion
INFO: [TakeQuizScreen] Attempting to load image. URL received: http://192.168.242.251:3003/api/uploads/SlowMovingTraffic.png
Jun 27, 2025 6:58:44 PM leanersdts.TakeQuizScreen loadQuestion
INFO: [TakeQuizScreen] Image loading initiated for URL: http://192.168.242.251:3003/api/uploads/SlowMovingTraffic.png
Jun 27, 2025 6:58:44 PM leanersdts.TakeQuizScreen lambda$loadQuestion$0
SEVERE: Error loading image from URL: http://192.168.242.251:3003/api/uploads/SlowMovingTraffic.png
java.util.concurrent.ExecutionException: java.io.FileNotFoundException: http://192.168.242.251:3003/api/uploads/SlowMovingTraffic.png
	at java.base/java.util.concurrent.FutureTask.report(FutureTask.java:122)
	at java.base/java.util.concurrent.FutureTask.get(FutureTask.java:191)
	at javafx.graphics/com.sun.javafx.runtime.async.AbstractAsyncOperation$1.run(AbstractAsyncOperation.java:66)
	at javafx.graphics/com.sun.javafx.application.PlatformImpl.lambda$runLater$10(PlatformImpl.java:457)
	at java.base/java.security.AccessController.doPrivileged(AccessController.java:399)
	at javafx.graphics/com.sun.javafx.application.PlatformImpl.lambda$runLater$11(PlatformImpl.java:456)
	at javafx.graphics/com.sun.glass.ui.InvokeLaterDispatcher$Future.run(InvokeLaterDispatcher.java:96)
	at javafx.graphics/com.sun.glass.ui.win.WinApplication._runLoop(Native Method)
	at javafx.graphics/com.sun.glass.ui.win.WinApplication.lambda$runLoop$3(WinApplication.java:184)
	at java.base/java.lang.Thread.run(Thread.java:840)
Caused by: java.io.FileNotFoundException: http://192.168.242.251:3003/api/uploads/SlowMovingTraffic.png
	at java.base/jdk.internal.reflect.NativeConstructorAccessorImpl.newInstance0(Native Method)
	at java.base/jdk.internal.reflect.NativeConstructorAccessorImpl.newInstance(NativeConstructorAccessorImpl.java:77)
	at java.base/jdk.internal.reflect.DelegatingConstructorAccessorImpl.newInstance(DelegatingConstructorAccessorImpl.java:45)
	at java.base/java.lang.reflect.Constructor.newInstanceWithCaller(Constructor.java:500)
	at java.base/java.lang.reflect.Constructor.newInstance(Constructor.java:481)
	at java.base/sun.net.www.protocol.http.HttpURLConnection$10.run(HttpURLConnection.java:2094)
	at java.base/sun.net.www.protocol.http.HttpURLConnection$10.run(HttpURLConnection.java:2089)
	at java.base/java.security.AccessController.doPrivileged(AccessController.java:569)
	at java.base/sun.net.www.protocol.http.HttpURLConnection.getChainedException(HttpURLConnection.java:2088)
	at java.base/sun.net.www.protocol.http.HttpURLConnection.getInputStream0(HttpURLConnection.java:1646)
	at java.base/sun.net.www.protocol.http.HttpURLConnection.getInputStream(HttpURLConnection.java:1626)
	at javafx.graphics/com.sun.javafx.runtime.async.AbstractRemoteResource.call(AbstractRemoteResource.java:101)
	at javafx.graphics/com.sun.javafx.tk.quantum.PrismImageLoader2$AsyncImageLoader.access$001(PrismImageLoader2.java:225)
	at javafx.graphics/com.sun.javafx.tk.quantum.PrismImageLoader2$AsyncImageLoader.lambda$call$0(PrismImageLoader2.java:262)
	at java.base/java.security.AccessController.doPrivileged(AccessController.java:712)
	at javafx.graphics/com.sun.javafx.tk.quantum.PrismImageLoader2$AsyncImageLoader.call(PrismImageLoader2.java:261)
	at javafx.graphics/com.sun.javafx.tk.quantum.PrismImageLoader2$AsyncImageLoader.call(PrismImageLoader2.java:225)
	at javafx.graphics/com.sun.javafx.runtime.async.AbstractAsyncOperation.lambda$new$0(AbstractAsyncOperation.java:57)
	at java.base/java.util.concurrent.FutureTask.run(FutureTask.java:264)
	at java.base/java.util.concurrent.ThreadPoolExecutor.runWorker(ThreadPoolExecutor.java:1136)
	at java.base/java.util.concurrent.ThreadPoolExecutor$Worker.run(ThreadPoolExecutor.java:635)
	... 1 more
Caused by: java.io.FileNotFoundException: http://192.168.242.251:3003/api/uploads/SlowMovingTraffic.png
	at java.base/sun.net.www.protocol.http.HttpURLConnection.getInputStream0(HttpURLConnection.java:2033)
	at java.base/sun.net.www.protocol.http.HttpURLConnection.getInputStream(HttpURLConnection.java:1626)
	at java.base/sun.net.www.protocol.http.HttpURLConnection.getHeaderField(HttpURLConnection.java:3293)
	at java.base/java.net.URLConnection.getHeaderFieldLong(URLConnection.java:639)
	at java.base/java.net.URLConnection.getContentLengthLong(URLConnection.java:509)
	at java.base/java.net.URLConnection.getContentLength(URLConnection.java:493)
	at javafx.graphics/com.sun.javafx.runtime.async.AbstractRemoteResource.call(AbstractRemoteResource.java:97)
	... 10 more

Jun 27, 2025 6:58:51 PM leanersdts.TakeQuizScreen loadQuestion
INFO: [TakeQuizScreen] Attempting to load image. URL received: http://192.168.242.251:3003/api/uploads/highoccupancyvehiclelanereservationsign.png
Jun 27, 2025 6:58:51 PM leanersdts.TakeQuizScreen loadQuestion
INFO: [TakeQuizScreen] Image loading initiated for URL: http://192.168.242.251:3003/api/uploads/highoccupancyvehiclelanereservationsign.png
Jun 27, 2025 6:59:02 PM leanersdts.TakeQuizScreen loadQuestion
INFO: [TakeQuizScreen] Attempting to load image. URL received: null
Jun 27, 2025 6:59:02 PM leanersdts.TakeQuizScreen loadQuestion
INFO: [TakeQuizScreen] No valid image URL provided for this question. Hiding ImageView.
Jun 27, 2025 6:59:07 PM leanersdts.TakeQuizScreen loadQuestion
INFO: [TakeQuizScreen] Attempting to load image. URL received: http://192.168.242.251:3003/api/uploads/SpeedHump.png
Jun 27, 2025 6:59:07 PM leanersdts.TakeQuizScreen loadQuestion
INFO: [TakeQuizScreen] Image loading initiated for URL: http://192.168.242.251:3003/api/uploads/SpeedHump.png
Jun 27, 2025 6:59:07 PM leanersdts.TakeQuizScreen lambda$loadQuestion$0
SEVERE: Error loading image from URL: http://192.168.242.251:3003/api/uploads/SpeedHump.png
java.util.concurrent.ExecutionException: java.io.FileNotFoundException: http://192.168.242.251:3003/api/uploads/SpeedHump.png
	at java.base/java.util.concurrent.FutureTask.report(FutureTask.java:122)
	at java.base/java.util.concurrent.FutureTask.get(FutureTask.java:191)
	at javafx.graphics/com.sun.javafx.runtime.async.AbstractAsyncOperation$1.run(AbstractAsyncOperation.java:66)
	at javafx.graphics/com.sun.javafx.application.PlatformImpl.lambda$runLater$10(PlatformImpl.java:457)
	at java.base/java.security.AccessController.doPrivileged(AccessController.java:399)
	at javafx.graphics/com.sun.javafx.application.PlatformImpl.lambda$runLater$11(PlatformImpl.java:456)
	at javafx.graphics/com.sun.glass.ui.InvokeLaterDispatcher$Future.run(InvokeLaterDispatcher.java:96)
	at javafx.graphics/com.sun.glass.ui.win.WinApplication._runLoop(Native Method)
	at javafx.graphics/com.sun.glass.ui.win.WinApplication.lambda$runLoop$3(WinApplication.java:184)
	at java.base/java.lang.Thread.run(Thread.java:840)
Caused by: java.io.FileNotFoundException: http://192.168.242.251:3003/api/uploads/SpeedHump.png
	at java.base/jdk.internal.reflect.NativeConstructorAccessorImpl.newInstance0(Native Method)
	at java.base/jdk.internal.reflect.NativeConstructorAccessorImpl.newInstance(NativeConstructorAccessorImpl.java:77)
	at java.base/jdk.internal.reflect.DelegatingConstructorAccessorImpl.newInstance(DelegatingConstructorAccessorImpl.java:45)
	at java.base/java.lang.reflect.Constructor.newInstanceWithCaller(Constructor.java:500)
	at java.base/java.lang.reflect.Constructor.newInstance(Constructor.java:481)
	at java.base/sun.net.www.protocol.http.HttpURLConnection$10.run(HttpURLConnection.java:2094)
	at java.base/sun.net.www.protocol.http.HttpURLConnection$10.run(HttpURLConnection.java:2089)
	at java.base/java.security.AccessController.doPrivileged(AccessController.java:569)
	at java.base/sun.net.www.protocol.http.HttpURLConnection.getChainedException(HttpURLConnection.java:2088)
	at java.base/sun.net.www.protocol.http.HttpURLConnection.getInputStream0(HttpURLConnection.java:1646)
	at java.base/sun.net.www.protocol.http.HttpURLConnection.getInputStream(HttpURLConnection.java:1626)
	at javafx.graphics/com.sun.javafx.runtime.async.AbstractRemoteResource.call(AbstractRemoteResource.java:101)
	at javafx.graphics/com.sun.javafx.tk.quantum.PrismImageLoader2$AsyncImageLoader.access$001(PrismImageLoader2.java:225)
	at javafx.graphics/com.sun.javafx.tk.quantum.PrismImageLoader2$AsyncImageLoader.lambda$call$0(PrismImageLoader2.java:262)
	at java.base/java.security.AccessController.doPrivileged(AccessController.java:712)
	at javafx.graphics/com.sun.javafx.tk.quantum.PrismImageLoader2$AsyncImageLoader.call(PrismImageLoader2.java:261)
	at javafx.graphics/com.sun.javafx.tk.quantum.PrismImageLoader2$AsyncImageLoader.call(PrismImageLoader2.java:225)
	at javafx.graphics/com.sun.javafx.runtime.async.AbstractAsyncOperation.lambda$new$0(AbstractAsyncOperation.java:57)
	at java.base/java.util.concurrent.FutureTask.run(FutureTask.java:264)
	at java.base/java.util.concurrent.ThreadPoolExecutor.runWorker(ThreadPoolExecutor.java:1136)
	at java.base/java.util.concurrent.ThreadPoolExecutor$Worker.run(ThreadPoolExecutor.java:635)
	... 1 more
Caused by: java.io.FileNotFoundException: http://192.168.242.251:3003/api/uploads/SpeedHump.png
	at java.base/sun.net.www.protocol.http.HttpURLConnection.getInputStream0(HttpURLConnection.java:2033)
	at java.base/sun.net.www.protocol.http.HttpURLConnection.getInputStream(HttpURLConnection.java:1626)
	at java.base/sun.net.www.protocol.http.HttpURLConnection.getHeaderField(HttpURLConnection.java:3293)
	at java.base/java.net.URLConnection.getHeaderFieldLong(URLConnection.java:639)
	at java.base/java.net.URLConnection.getContentLengthLong(URLConnection.java:509)
	at java.base/java.net.URLConnection.getContentLength(URLConnection.java:493)
	at javafx.graphics/com.sun.javafx.runtime.async.AbstractRemoteResource.call(AbstractRemoteResource.java:97)
	... 10 more

Jun 27, 2025 6:59:10 PM leanersdts.TakeQuizScreen loadQuestion
INFO: [TakeQuizScreen] Attempting to load image. URL received: null
Jun 27, 2025 6:59:10 PM leanersdts.TakeQuizScreen loadQuestion
INFO: [TakeQuizScreen] No valid image URL provided for this question. Hiding ImageView.
Jun 27, 2025 6:59:18 PM leanersdts.TakeQuizScreen loadQuestion
INFO: [TakeQuizScreen] Attempting to load image. URL received: http://192.168.242.251:3003/api/uploads/sharpcurvetotheleftsign.png
Jun 27, 2025 6:59:18 PM leanersdts.TakeQuizScreen loadQuestion
INFO: [TakeQuizScreen] Image loading initiated for URL: http://192.168.242.251:3003/api/uploads/sharpcurvetotheleftsign.png
Jun 27, 2025 7:11:01 PM leanersdts.TakeQuizScreen loadQuestion
INFO: [TakeQuizScreen] Attempting to load image. URL received: null
Jun 27, 2025 7:11:01 PM leanersdts.TakeQuizScreen loadQuestion
INFO: [TakeQuizScreen] No valid image URL provided for this question. Hiding ImageView.
Jun 27, 2025 7:11:05 PM leanersdts.TakeQuizScreen loadQuestion
INFO: [TakeQuizScreen] Attempting to load image. URL received: http://192.168.242.251:3003/api/uploads/VehicleControls.png
Jun 27, 2025 7:11:05 PM leanersdts.TakeQuizScreen loadQuestion
INFO: [TakeQuizScreen] Image loading initiated for URL: http://192.168.242.251:3003/api/uploads/VehicleControls.png
Jun 27, 2025 7:11:07 PM leanersdts.TakeQuizScreen loadQuestion
INFO: [TakeQuizScreen] Attempting to load image. URL received: http://192.168.242.251:3003/api/uploads/sos.png
Jun 27, 2025 7:11:07 PM leanersdts.TakeQuizScreen loadQuestion
INFO: [TakeQuizScreen] Image loading initiated for URL: http://192.168.242.251:3003/api/uploads/sos.png
Jun 27, 2025 7:11:13 PM leanersdts.TakeQuizScreen loadQuestion
INFO: [TakeQuizScreen] Attempting to load image. URL received: null
Jun 27, 2025 7:11:13 PM leanersdts.TakeQuizScreen loadQuestion
INFO: [TakeQuizScreen] No valid image URL provided for this question. Hiding ImageView.
Jun 27, 2025 7:11:16 PM leanersdts.TakeQuizScreen loadQuestion
INFO: [TakeQuizScreen] Attempting to load image. URL received: http://192.168.242.251:3003/api/uploads/accidentdownhill.png
Jun 27, 2025 7:11:16 PM leanersdts.TakeQuizScreen loadQuestion
INFO: [TakeQuizScreen] Image loading initiated for URL: http://192.168.242.251:3003/api/uploads/accidentdownhill.png
Jun 27, 2025 7:11:24 PM leanersdts.TakeQuizScreen loadQuestion
INFO: [TakeQuizScreen] Attempting to load image. URL received: http://192.168.242.251:3003/api/uploads/goodsvehicleminimumlimitsign.png
Jun 27, 2025 7:11:24 PM leanersdts.TakeQuizScreen loadQuestion
INFO: [TakeQuizScreen] Image loading initiated for URL: http://192.168.242.251:3003/api/uploads/goodsvehicleminimumlimitsign.png
Jun 27, 2025 7:11:37 PM leanersdts.TakeQuizScreen loadQuestion
INFO: [TakeQuizScreen] Attempting to load image. URL received: null
Jun 27, 2025 7:11:37 PM leanersdts.TakeQuizScreen loadQuestion
INFO: [TakeQuizScreen] No valid image URL provided for this question. Hiding ImageView.
Jun 27, 2025 7:11:53 PM leanersdts.TakeQuizScreen loadQuestion
INFO: [TakeQuizScreen] Attempting to load image. URL received: null
Jun 27, 2025 7:11:53 PM leanersdts.TakeQuizScreen loadQuestion
INFO: [TakeQuizScreen] No valid image URL provided for this question. Hiding ImageView.
Jun 27, 2025 7:12:00 PM leanersdts.TakeQuizScreen loadQuestion
INFO: [TakeQuizScreen] Attempting to load image. URL received: http://192.168.242.251:3003/api/uploads/noparkinglongerthen60min.png
Jun 27, 2025 7:12:00 PM leanersdts.TakeQuizScreen loadQuestion
INFO: [TakeQuizScreen] Image loading initiated for URL: http://192.168.242.251:3003/api/uploads/noparkinglongerthen60min.png
Jun 27, 2025 7:12:05 PM leanersdts.TakeQuizScreen loadQuestion
INFO: [TakeQuizScreen] Attempting to load image. URL received: null
Jun 27, 2025 7:12:05 PM leanersdts.TakeQuizScreen loadQuestion
INFO: [TakeQuizScreen] No valid image URL provided for this question. Hiding ImageView.
Jun 27, 2025 7:12:13 PM leanersdts.TakeQuizScreen loadQuestion
INFO: [TakeQuizScreen] Attempting to load image. URL received: null
Jun 27, 2025 7:12:13 PM leanersdts.TakeQuizScreen loadQuestion
INFO: [TakeQuizScreen] No valid image URL provided for this question. Hiding ImageView.
Jun 27, 2025 7:12:20 PM leanersdts.TakeQuizScreen loadQuestion
INFO: [TakeQuizScreen] Attempting to load image. URL received: null
Jun 27, 2025 7:12:20 PM leanersdts.TakeQuizScreen loadQuestion
INFO: [TakeQuizScreen] No valid image URL provided for this question. Hiding ImageView.
Jun 27, 2025 7:12:26 PM leanersdts.TakeQuizScreen loadQuestion
INFO: [TakeQuizScreen] Attempting to load image. URL received: null
Jun 27, 2025 7:12:26 PM leanersdts.TakeQuizScreen loadQuestion
INFO: [TakeQuizScreen] No valid image URL provided for this question. Hiding ImageView.
Jun 27, 2025 7:12:48 PM leanersdts.TakeQuizScreen loadQuestion
INFO: [TakeQuizScreen] Attempting to load image. URL received: null
Jun 27, 2025 7:12:48 PM leanersdts.TakeQuizScreen loadQuestion
INFO: [TakeQuizScreen] No valid image URL provided for this question. Hiding ImageView.
Jun 27, 2025 7:12:52 PM leanersdts.TakeQuizScreen loadQuestion
INFO: [TakeQuizScreen] Attempting to load image. URL received: null
Jun 27, 2025 7:12:52 PM leanersdts.TakeQuizScreen loadQuestion
INFO: [TakeQuizScreen] No valid image URL provided for this question. Hiding ImageView.
Jun 27, 2025 7:12:58 PM leanersdts.TakeQuizScreen loadQuestion
INFO: [TakeQuizScreen] Attempting to load image. URL received: http://192.168.242.251:3003/api/uploads/InformationSign.png
Jun 27, 2025 7:12:58 PM leanersdts.TakeQuizScreen loadQuestion
INFO: [TakeQuizScreen] Image loading initiated for URL: http://192.168.242.251:3003/api/uploads/InformationSign.png
Jun 27, 2025 7:12:58 PM leanersdts.TakeQuizScreen lambda$loadQuestion$0
SEVERE: Error loading image from URL: http://192.168.242.251:3003/api/uploads/InformationSign.png
java.util.concurrent.ExecutionException: java.io.FileNotFoundException: http://192.168.242.251:3003/api/uploads/InformationSign.png
	at java.base/java.util.concurrent.FutureTask.report(FutureTask.java:122)
	at java.base/java.util.concurrent.FutureTask.get(FutureTask.java:191)
	at javafx.graphics/com.sun.javafx.runtime.async.AbstractAsyncOperation$1.run(AbstractAsyncOperation.java:66)
	at javafx.graphics/com.sun.javafx.application.PlatformImpl.lambda$runLater$10(PlatformImpl.java:457)
	at java.base/java.security.AccessController.doPrivileged(AccessController.java:399)
	at javafx.graphics/com.sun.javafx.application.PlatformImpl.lambda$runLater$11(PlatformImpl.java:456)
	at javafx.graphics/com.sun.glass.ui.InvokeLaterDispatcher$Future.run(InvokeLaterDispatcher.java:96)
	at javafx.graphics/com.sun.glass.ui.win.WinApplication._runLoop(Native Method)
	at javafx.graphics/com.sun.glass.ui.win.WinApplication.lambda$runLoop$3(WinApplication.java:184)
	at java.base/java.lang.Thread.run(Thread.java:840)
Caused by: java.io.FileNotFoundException: http://192.168.242.251:3003/api/uploads/InformationSign.png
	at java.base/jdk.internal.reflect.NativeConstructorAccessorImpl.newInstance0(Native Method)
	at java.base/jdk.internal.reflect.NativeConstructorAccessorImpl.newInstance(NativeConstructorAccessorImpl.java:77)
	at java.base/jdk.internal.reflect.DelegatingConstructorAccessorImpl.newInstance(DelegatingConstructorAccessorImpl.java:45)
	at java.base/java.lang.reflect.Constructor.newInstanceWithCaller(Constructor.java:500)
	at java.base/java.lang.reflect.Constructor.newInstance(Constructor.java:481)
	at java.base/sun.net.www.protocol.http.HttpURLConnection$10.run(HttpURLConnection.java:2094)
	at java.base/sun.net.www.protocol.http.HttpURLConnection$10.run(HttpURLConnection.java:2089)
	at java.base/java.security.AccessController.doPrivileged(AccessController.java:569)
	at java.base/sun.net.www.protocol.http.HttpURLConnection.getChainedException(HttpURLConnection.java:2088)
	at java.base/sun.net.www.protocol.http.HttpURLConnection.getInputStream0(HttpURLConnection.java:1646)
	at java.base/sun.net.www.protocol.http.HttpURLConnection.getInputStream(HttpURLConnection.java:1626)
	at javafx.graphics/com.sun.javafx.runtime.async.AbstractRemoteResource.call(AbstractRemoteResource.java:101)
	at javafx.graphics/com.sun.javafx.tk.quantum.PrismImageLoader2$AsyncImageLoader.access$001(PrismImageLoader2.java:225)
	at javafx.graphics/com.sun.javafx.tk.quantum.PrismImageLoader2$AsyncImageLoader.lambda$call$0(PrismImageLoader2.java:262)
	at java.base/java.security.AccessController.doPrivileged(AccessController.java:712)
	at javafx.graphics/com.sun.javafx.tk.quantum.PrismImageLoader2$AsyncImageLoader.call(PrismImageLoader2.java:261)
	at javafx.graphics/com.sun.javafx.tk.quantum.PrismImageLoader2$AsyncImageLoader.call(PrismImageLoader2.java:225)
	at javafx.graphics/com.sun.javafx.runtime.async.AbstractAsyncOperation.lambda$new$0(AbstractAsyncOperation.java:57)
	at java.base/java.util.concurrent.FutureTask.run(FutureTask.java:264)
	at java.base/java.util.concurrent.ThreadPoolExecutor.runWorker(ThreadPoolExecutor.java:1136)
	at java.base/java.util.concurrent.ThreadPoolExecutor$Worker.run(ThreadPoolExecutor.java:635)
	... 1 more
Caused by: java.io.FileNotFoundException: http://192.168.242.251:3003/api/uploads/InformationSign.png
	at java.base/sun.net.www.protocol.http.HttpURLConnection.getInputStream0(HttpURLConnection.java:2033)
	at java.base/sun.net.www.protocol.http.HttpURLConnection.getInputStream(HttpURLConnection.java:1626)
	at java.base/sun.net.www.protocol.http.HttpURLConnection.getHeaderField(HttpURLConnection.java:3293)
	at java.base/java.net.URLConnection.getHeaderFieldLong(URLConnection.java:639)
	at java.base/java.net.URLConnection.getContentLengthLong(URLConnection.java:509)
	at java.base/java.net.URLConnection.getContentLength(URLConnection.java:493)
	at javafx.graphics/com.sun.javafx.runtime.async.AbstractRemoteResource.call(AbstractRemoteResource.java:97)
	... 10 more

Jun 27, 2025 7:13:04 PM leanersdts.TakeQuizScreen loadQuestion
INFO: [TakeQuizScreen] Attempting to load image. URL received: http://192.168.242.251:3003/api/uploads/VehicleControls.png
Jun 27, 2025 7:13:04 PM leanersdts.TakeQuizScreen loadQuestion
INFO: [TakeQuizScreen] Image loading initiated for URL: http://192.168.242.251:3003/api/uploads/VehicleControls.png
Jun 27, 2025 7:13:08 PM leanersdts.TakeQuizScreen loadQuestion
INFO: [TakeQuizScreen] Attempting to load image. URL received: http://192.168.242.251:3003/api/uploads/notbelow60.png
Jun 27, 2025 7:13:08 PM leanersdts.TakeQuizScreen loadQuestion
INFO: [TakeQuizScreen] Image loading initiated for URL: http://192.168.242.251:3003/api/uploads/notbelow60.png
Jun 27, 2025 7:13:19 PM leanersdts.TakeQuizScreen loadQuestion
INFO: [TakeQuizScreen] Attempting to load image. URL received: null
Jun 27, 2025 7:13:19 PM leanersdts.TakeQuizScreen loadQuestion
INFO: [TakeQuizScreen] No valid image URL provided for this question. Hiding ImageView.
Jun 27, 2025 7:13:26 PM leanersdts.TakeQuizScreen loadQuestion
INFO: [TakeQuizScreen] Attempting to load image. URL received: http://192.168.242.251:3003/api/uploads/MaximumMassAxles.png
Jun 27, 2025 7:13:26 PM leanersdts.TakeQuizScreen loadQuestion
INFO: [TakeQuizScreen] Image loading initiated for URL: http://192.168.242.251:3003/api/uploads/MaximumMassAxles.png
Jun 27, 2025 7:13:26 PM leanersdts.TakeQuizScreen lambda$loadQuestion$0
SEVERE: Error loading image from URL: http://192.168.242.251:3003/api/uploads/MaximumMassAxles.png
java.util.concurrent.ExecutionException: java.io.FileNotFoundException: http://192.168.242.251:3003/api/uploads/MaximumMassAxles.png
	at java.base/java.util.concurrent.FutureTask.report(FutureTask.java:122)
	at java.base/java.util.concurrent.FutureTask.get(FutureTask.java:191)
	at javafx.graphics/com.sun.javafx.runtime.async.AbstractAsyncOperation$1.run(AbstractAsyncOperation.java:66)
	at javafx.graphics/com.sun.javafx.application.PlatformImpl.lambda$runLater$10(PlatformImpl.java:457)
	at java.base/java.security.AccessController.doPrivileged(AccessController.java:399)
	at javafx.graphics/com.sun.javafx.application.PlatformImpl.lambda$runLater$11(PlatformImpl.java:456)
	at javafx.graphics/com.sun.glass.ui.InvokeLaterDispatcher$Future.run(InvokeLaterDispatcher.java:96)
	at javafx.graphics/com.sun.glass.ui.win.WinApplication._runLoop(Native Method)
	at javafx.graphics/com.sun.glass.ui.win.WinApplication.lambda$runLoop$3(WinApplication.java:184)
	at java.base/java.lang.Thread.run(Thread.java:840)
Caused by: java.io.FileNotFoundException: http://192.168.242.251:3003/api/uploads/MaximumMassAxles.png
	at java.base/jdk.internal.reflect.NativeConstructorAccessorImpl.newInstance0(Native Method)
	at java.base/jdk.internal.reflect.NativeConstructorAccessorImpl.newInstance(NativeConstructorAccessorImpl.java:77)
	at java.base/jdk.internal.reflect.DelegatingConstructorAccessorImpl.newInstance(DelegatingConstructorAccessorImpl.java:45)
	at java.base/java.lang.reflect.Constructor.newInstanceWithCaller(Constructor.java:500)
	at java.base/java.lang.reflect.Constructor.newInstance(Constructor.java:481)
	at java.base/sun.net.www.protocol.http.HttpURLConnection$10.run(HttpURLConnection.java:2094)
	at java.base/sun.net.www.protocol.http.HttpURLConnection$10.run(HttpURLConnection.java:2089)
	at java.base/java.security.AccessController.doPrivileged(AccessController.java:569)
	at java.base/sun.net.www.protocol.http.HttpURLConnection.getChainedException(HttpURLConnection.java:2088)
	at java.base/sun.net.www.protocol.http.HttpURLConnection.getInputStream0(HttpURLConnection.java:1646)
	at java.base/sun.net.www.protocol.http.HttpURLConnection.getInputStream(HttpURLConnection.java:1626)
	at javafx.graphics/com.sun.javafx.runtime.async.AbstractRemoteResource.call(AbstractRemoteResource.java:101)
	at javafx.graphics/com.sun.javafx.tk.quantum.PrismImageLoader2$AsyncImageLoader.access$001(PrismImageLoader2.java:225)
	at javafx.graphics/com.sun.javafx.tk.quantum.PrismImageLoader2$AsyncImageLoader.lambda$call$0(PrismImageLoader2.java:262)
	at java.base/java.security.AccessController.doPrivileged(AccessController.java:712)
	at javafx.graphics/com.sun.javafx.tk.quantum.PrismImageLoader2$AsyncImageLoader.call(PrismImageLoader2.java:261)
	at javafx.graphics/com.sun.javafx.tk.quantum.PrismImageLoader2$AsyncImageLoader.call(PrismImageLoader2.java:225)
	at javafx.graphics/com.sun.javafx.runtime.async.AbstractAsyncOperation.lambda$new$0(AbstractAsyncOperation.java:57)
	at java.base/java.util.concurrent.FutureTask.run(FutureTask.java:264)
	at java.base/java.util.concurrent.ThreadPoolExecutor.runWorker(ThreadPoolExecutor.java:1136)
	at java.base/java.util.concurrent.ThreadPoolExecutor$Worker.run(ThreadPoolExecutor.java:635)
	... 1 more
Caused by: java.io.FileNotFoundException: http://192.168.242.251:3003/api/uploads/MaximumMassAxles.png
	at java.base/sun.net.www.protocol.http.HttpURLConnection.getInputStream0(HttpURLConnection.java:2033)
	at java.base/sun.net.www.protocol.http.HttpURLConnection.getInputStream(HttpURLConnection.java:1626)
	at java.base/sun.net.www.protocol.http.HttpURLConnection.getHeaderField(HttpURLConnection.java:3293)
	at java.base/java.net.URLConnection.getHeaderFieldLong(URLConnection.java:639)
	at java.base/java.net.URLConnection.getContentLengthLong(URLConnection.java:509)
	at java.base/java.net.URLConnection.getContentLength(URLConnection.java:493)
	at javafx.graphics/com.sun.javafx.runtime.async.AbstractRemoteResource.call(AbstractRemoteResource.java:97)
	... 10 more

Jun 27, 2025 7:13:49 PM leanersdts.TakeQuizScreen loadQuestion
INFO: [TakeQuizScreen] Attempting to load image. URL received: null
Jun 27, 2025 7:13:49 PM leanersdts.TakeQuizScreen loadQuestion
INFO: [TakeQuizScreen] No valid image URL provided for this question. Hiding ImageView.
Jun 27, 2025 7:13:54 PM leanersdts.TakeQuizScreen loadQuestion
INFO: [TakeQuizScreen] Attempting to load image. URL received: null
Jun 27, 2025 7:13:54 PM leanersdts.TakeQuizScreen loadQuestion
INFO: [TakeQuizScreen] No valid image URL provided for this question. Hiding ImageView.
Jun 27, 2025 7:14:00 PM leanersdts.TakeQuizScreen loadQuestion
INFO: [TakeQuizScreen] Attempting to load image. URL received: null
Jun 27, 2025 7:14:00 PM leanersdts.TakeQuizScreen loadQuestion
INFO: [TakeQuizScreen] No valid image URL provided for this question. Hiding ImageView.
Jun 27, 2025 7:14:12 PM leanersdts.TakeQuizScreen loadQuestion
INFO: [TakeQuizScreen] Attempting to load image. URL received: http://192.168.242.251:3003/api/uploads/exclusiveparkingbayportmarking.png
Jun 27, 2025 7:14:12 PM leanersdts.TakeQuizScreen loadQuestion
INFO: [TakeQuizScreen] Image loading initiated for URL: http://192.168.242.251:3003/api/uploads/exclusiveparkingbayportmarking.png
Jun 27, 2025 7:14:17 PM leanersdts.TakeQuizScreen loadQuestion
INFO: [TakeQuizScreen] Attempting to load image. URL received: http://192.168.242.251:3003/api/uploads/windyieldsign.png
Jun 27, 2025 7:14:17 PM leanersdts.TakeQuizScreen loadQuestion
INFO: [TakeQuizScreen] Image loading initiated for URL: http://192.168.242.251:3003/api/uploads/windyieldsign.png
Jun 27, 2025 7:14:22 PM leanersdts.TakeQuizScreen loadQuestion
INFO: [TakeQuizScreen] Attempting to load image. URL received: http://192.168.242.251:3003/api/uploads/slowdownandgoright.png
Jun 27, 2025 7:14:22 PM leanersdts.TakeQuizScreen loadQuestion
INFO: [TakeQuizScreen] Image loading initiated for URL: http://192.168.242.251:3003/api/uploads/slowdownandgoright.png
Jun 27, 2025 7:14:25 PM leanersdts.TakeQuizScreen loadQuestion
INFO: [TakeQuizScreen] Attempting to load image. URL received: http://192.168.242.251:3003/api/uploads/motorcarsignonly.png
Jun 27, 2025 7:14:25 PM leanersdts.TakeQuizScreen loadQuestion
INFO: [TakeQuizScreen] Image loading initiated for URL: http://192.168.242.251:3003/api/uploads/motorcarsignonly.png
Jun 27, 2025 7:14:44 PM leanersdts.TakeQuizScreen loadQuestion
INFO: [TakeQuizScreen] Attempting to load image. URL received: http://192.168.242.251:3003/api/uploads/AbnormalVehiclesOnly.png
Jun 27, 2025 7:14:44 PM leanersdts.TakeQuizScreen loadQuestion
INFO: [TakeQuizScreen] Image loading initiated for URL: http://192.168.242.251:3003/api/uploads/AbnormalVehiclesOnly.png
Jun 27, 2025 7:14:50 PM leanersdts.TakeQuizScreen loadQuestion
INFO: [TakeQuizScreen] Attempting to load image. URL received: null
Jun 27, 2025 7:14:50 PM leanersdts.TakeQuizScreen loadQuestion
INFO: [TakeQuizScreen] No valid image URL provided for this question. Hiding ImageView.
Jun 27, 2025 7:14:53 PM leanersdts.TakeQuizScreen loadQuestion
INFO: [TakeQuizScreen] Attempting to load image. URL received: http://192.168.242.251:3003/api/uploads/vehiclecontrols.png
Jun 27, 2025 7:14:53 PM leanersdts.TakeQuizScreen loadQuestion
INFO: [TakeQuizScreen] Image loading initiated for URL: http://192.168.242.251:3003/api/uploads/vehiclecontrols.png
Jun 27, 2025 7:14:56 PM leanersdts.TakeQuizScreen loadQuestion
INFO: [TakeQuizScreen] Attempting to load image. URL received: http://192.168.242.251:3003/api/uploads/trafficcontrolaheadsign.png
Jun 27, 2025 7:14:56 PM leanersdts.TakeQuizScreen loadQuestion
INFO: [TakeQuizScreen] Image loading initiated for URL: http://192.168.242.251:3003/api/uploads/trafficcontrolaheadsign.png
Jun 27, 2025 7:15:05 PM leanersdts.TakeQuizScreen loadQuestion
INFO: [TakeQuizScreen] Attempting to load image. URL received: null
Jun 27, 2025 7:15:05 PM leanersdts.TakeQuizScreen loadQuestion
INFO: [TakeQuizScreen] No valid image URL provided for this question. Hiding ImageView.
Jun 27, 2025 7:15:10 PM leanersdts.TakeQuizScreen loadQuestion
INFO: [TakeQuizScreen] Attempting to load image. URL received: http://192.168.242.251:3003/api/uploads/headlampsprohibited.png
Jun 27, 2025 7:15:10 PM leanersdts.TakeQuizScreen loadQuestion
INFO: [TakeQuizScreen] Image loading initiated for URL: http://192.168.242.251:3003/api/uploads/headlampsprohibited.png
Jun 27, 2025 7:15:24 PM leanersdts.TakeQuizScreen loadQuestion
INFO: [TakeQuizScreen] Attempting to load image. URL received: null
Jun 27, 2025 7:15:24 PM leanersdts.TakeQuizScreen loadQuestion
INFO: [TakeQuizScreen] No valid image URL provided for this question. Hiding ImageView.
Jun 27, 2025 7:15:28 PM leanersdts.TakeQuizScreen loadQuestion
INFO: [TakeQuizScreen] Attempting to load image. URL received: http://192.168.242.251:3003/api/uploads/vehiclecontrols.png
Jun 27, 2025 7:15:28 PM leanersdts.TakeQuizScreen loadQuestion
INFO: [TakeQuizScreen] Image loading initiated for URL: http://192.168.242.251:3003/api/uploads/vehiclecontrols.png
Jun 27, 2025 7:15:31 PM leanersdts.TakeQuizScreen loadQuestion
INFO: [TakeQuizScreen] Attempting to load image. URL received: null
Jun 27, 2025 7:15:31 PM leanersdts.TakeQuizScreen loadQuestion
INFO: [TakeQuizScreen] No valid image URL provided for this question. Hiding ImageView.
Jun 27, 2025 7:15:41 PM leanersdts.TakeQuizScreen loadQuestion
INFO: [TakeQuizScreen] Attempting to load image. URL received: null
Jun 27, 2025 7:15:41 PM leanersdts.TakeQuizScreen loadQuestion
INFO: [TakeQuizScreen] No valid image URL provided for this question. Hiding ImageView.
Jun 27, 2025 7:15:49 PM leanersdts.TakeQuizScreen loadQuestion
INFO: [TakeQuizScreen] Attempting to load image. URL received: http://192.168.242.251:3003/api/uploads/vehiclesexceedingmassonlysign.png
Jun 27, 2025 7:15:49 PM leanersdts.TakeQuizScreen loadQuestion
INFO: [TakeQuizScreen] Image loading initiated for URL: http://192.168.242.251:3003/api/uploads/vehiclesexceedingmassonlysign.png
Jun 27, 2025 7:15:59 PM leanersdts.TakeQuizScreen loadQuestion
INFO: [TakeQuizScreen] Attempting to load image. URL received: http://192.168.242.251:3003/api/uploads/OppositeRightLane.png
Jun 27, 2025 7:15:59 PM leanersdts.TakeQuizScreen loadQuestion
INFO: [TakeQuizScreen] Image loading initiated for URL: http://192.168.242.251:3003/api/uploads/OppositeRightLane.png
Jun 27, 2025 7:15:59 PM leanersdts.TakeQuizScreen lambda$loadQuestion$0
SEVERE: Error loading image from URL: http://192.168.242.251:3003/api/uploads/OppositeRightLane.png
java.util.concurrent.ExecutionException: java.io.FileNotFoundException: http://192.168.242.251:3003/api/uploads/OppositeRightLane.png
	at java.base/java.util.concurrent.FutureTask.report(FutureTask.java:122)
	at java.base/java.util.concurrent.FutureTask.get(FutureTask.java:191)
	at javafx.graphics/com.sun.javafx.runtime.async.AbstractAsyncOperation$1.run(AbstractAsyncOperation.java:66)
	at javafx.graphics/com.sun.javafx.application.PlatformImpl.lambda$runLater$10(PlatformImpl.java:457)
	at java.base/java.security.AccessController.doPrivileged(AccessController.java:399)
	at javafx.graphics/com.sun.javafx.application.PlatformImpl.lambda$runLater$11(PlatformImpl.java:456)
	at javafx.graphics/com.sun.glass.ui.InvokeLaterDispatcher$Future.run(InvokeLaterDispatcher.java:96)
	at javafx.graphics/com.sun.glass.ui.win.WinApplication._runLoop(Native Method)
	at javafx.graphics/com.sun.glass.ui.win.WinApplication.lambda$runLoop$3(WinApplication.java:184)
	at java.base/java.lang.Thread.run(Thread.java:840)
Caused by: java.io.FileNotFoundException: http://192.168.242.251:3003/api/uploads/OppositeRightLane.png
	at java.base/jdk.internal.reflect.NativeConstructorAccessorImpl.newInstance0(Native Method)
	at java.base/jdk.internal.reflect.NativeConstructorAccessorImpl.newInstance(NativeConstructorAccessorImpl.java:77)
	at java.base/jdk.internal.reflect.DelegatingConstructorAccessorImpl.newInstance(DelegatingConstructorAccessorImpl.java:45)
	at java.base/java.lang.reflect.Constructor.newInstanceWithCaller(Constructor.java:500)
	at java.base/java.lang.reflect.Constructor.newInstance(Constructor.java:481)
	at java.base/sun.net.www.protocol.http.HttpURLConnection$10.run(HttpURLConnection.java:2094)
	at java.base/sun.net.www.protocol.http.HttpURLConnection$10.run(HttpURLConnection.java:2089)
	at java.base/java.security.AccessController.doPrivileged(AccessController.java:569)
	at java.base/sun.net.www.protocol.http.HttpURLConnection.getChainedException(HttpURLConnection.java:2088)
	at java.base/sun.net.www.protocol.http.HttpURLConnection.getInputStream0(HttpURLConnection.java:1646)
	at java.base/sun.net.www.protocol.http.HttpURLConnection.getInputStream(HttpURLConnection.java:1626)
	at javafx.graphics/com.sun.javafx.runtime.async.AbstractRemoteResource.call(AbstractRemoteResource.java:101)
	at javafx.graphics/com.sun.javafx.tk.quantum.PrismImageLoader2$AsyncImageLoader.access$001(PrismImageLoader2.java:225)
	at javafx.graphics/com.sun.javafx.tk.quantum.PrismImageLoader2$AsyncImageLoader.lambda$call$0(PrismImageLoader2.java:262)
	at java.base/java.security.AccessController.doPrivileged(AccessController.java:712)
	at javafx.graphics/com.sun.javafx.tk.quantum.PrismImageLoader2$AsyncImageLoader.call(PrismImageLoader2.java:261)
	at javafx.graphics/com.sun.javafx.tk.quantum.PrismImageLoader2$AsyncImageLoader.call(PrismImageLoader2.java:225)
	at javafx.graphics/com.sun.javafx.runtime.async.AbstractAsyncOperation.lambda$new$0(AbstractAsyncOperation.java:57)
	at java.base/java.util.concurrent.FutureTask.run(FutureTask.java:264)
	at java.base/java.util.concurrent.ThreadPoolExecutor.runWorker(ThreadPoolExecutor.java:1136)
	at java.base/java.util.concurrent.ThreadPoolExecutor$Worker.run(ThreadPoolExecutor.java:635)
	... 1 more
Caused by: java.io.FileNotFoundException: http://192.168.242.251:3003/api/uploads/OppositeRightLane.png
	at java.base/sun.net.www.protocol.http.HttpURLConnection.getInputStream0(HttpURLConnection.java:2033)
	at java.base/sun.net.www.protocol.http.HttpURLConnection.getInputStream(HttpURLConnection.java:1626)
	at java.base/sun.net.www.protocol.http.HttpURLConnection.getHeaderField(HttpURLConnection.java:3293)
	at java.base/java.net.URLConnection.getHeaderFieldLong(URLConnection.java:639)
	at java.base/java.net.URLConnection.getContentLengthLong(URLConnection.java:509)
	at java.base/java.net.URLConnection.getContentLength(URLConnection.java:493)
	at javafx.graphics/com.sun.javafx.runtime.async.AbstractRemoteResource.call(AbstractRemoteResource.java:97)
	... 10 more

Jun 27, 2025 7:16:05 PM leanersdts.TakeQuizScreen loadQuestion
INFO: [TakeQuizScreen] Attempting to load image. URL received: null
Jun 27, 2025 7:16:05 PM leanersdts.TakeQuizScreen loadQuestion
INFO: [TakeQuizScreen] No valid image URL provided for this question. Hiding ImageView.
Jun 27, 2025 7:16:09 PM leanersdts.TakeQuizScreen loadQuestion
INFO: [TakeQuizScreen] Attempting to load image. URL received: http://192.168.242.251:3003/api/uploads/VehicleControls.png
Jun 27, 2025 7:16:09 PM leanersdts.TakeQuizScreen loadQuestion
INFO: [TakeQuizScreen] Image loading initiated for URL: http://192.168.242.251:3003/api/uploads/VehicleControls.png
Jun 27, 2025 7:16:19 PM leanersdts.TakeQuizScreen loadQuestion
INFO: [TakeQuizScreen] Attempting to load image. URL received: http://192.168.242.251:3003/api/uploads/pedestrianpriority.png
Jun 27, 2025 7:16:19 PM leanersdts.TakeQuizScreen loadQuestion
INFO: [TakeQuizScreen] Image loading initiated for URL: http://192.168.242.251:3003/api/uploads/pedestrianpriority.png
Jun 27, 2025 7:16:32 PM leanersdts.TakeQuizScreen submitQuiz
INFO: [TakeQuizScreen submitQuiz] Method started.
Jun 27, 2025 7:16:32 PM leanersdts.TakeQuizScreen submitQuiz
INFO: [TakeQuizScreen submitQuiz] Attempting to lazily initialize ReviewScreenController.
Jun 27, 2025 7:16:32 PM leanersdts.TakeQuizScreen submitQuiz
INFO: [TakeQuizScreen submitQuiz] screenManager.getScreen(ReviewScreenID) returned: leanersdts.ReviewScreen
[JavaFX Application Thread] INFO leanersdts.ReviewScreen - [ReviewScreen getControllerInstance] Returning controller: initialized
Jun 27, 2025 7:16:32 PM leanersdts.TakeQuizScreen submitQuiz
INFO: [TakeQuizScreen submitQuiz] Successfully lazily initialized ReviewScreenController.
Jun 27, 2025 7:16:32 PM leanersdts.TakeQuizScreen submitQuiz
INFO: [TakeQuizScreen submitQuiz] Quiz timer stopped. Time elapsed: 1668434 ms
Jun 27, 2025 7:16:32 PM leanersdts.TakeQuizScreen submitQuiz
INFO: [TakeQuizScreen submitQuiz] ReviewController is initialized. Navigating to review screen for pre-submission review.
ReviewScreenController: setData called for Pre-Submission Review.
[JavaFX Application Thread] INFO leanersdts.ScreenManager - Screen set successfully: review
[JavaFX Application Thread] INFO leanersdts.ScreenManager - Loading screen: results from file: ResultsScreen.fxml
[JavaFX Application Thread] INFO leanersdts.ScreenManager - Adding screen: results
[JavaFX Application Thread] INFO leanersdts.ScreenManager - Successfully loaded screen: results
[JavaFX Application Thread] INFO leanersdts.ScreenManager - Screen set successfully: results
[JavaFX Application Thread] INFO leanersdts.ScreenManager - Screen set successfully: dashboard
[JavaFX Application Thread] INFO leanersdts.ScreenManager - Screen set successfully: login
